#
# A fatal error has been detected by the Java Runtime Environment:
#
#  EXCEPTION_ACCESS_VIOLATION (0xc0000005) at pc=0x00000000027609c1, pid=16460, tid=7780
#
# JRE version: Java(TM) SE Runtime Environment (8.0_77-b03) (build 1.8.0_77-b03)
# Java VM: Java HotSpot(TM) 64-Bit Server VM (25.77-b03 mixed mode windows-amd64 compressed oops)
# Problematic frame:
# v  ~StubRoutines::atomic_cmpxchg_long
#
# Failed to write core dump. Minidumps are not enabled by default on client versions of Windows
#
# If you would like to submit a bug report, please visit:
#   http://bugreport.java.com/bugreport/crash.jsp
#

---------------  T H R E A D  ---------------

Current thread (0x0000000059500000):  JavaThread "Thread-1" [_thread_in_vm, id=7780, stack(0x000000005a610000,0x000000005a710000)]

siginfo: ExceptionCode=0xc0000005, writing address 0x0000000000000078

Registers:
RAX=0x00000000000f423f, RBX=0x00000000000f423f, RCX=0x00000000000f423e, RDX=0x0000000000000078
RSP=0x000000005a70ed68, RBP=0x0000000000000078, RSI=0x0000000000000000, RDI=0x0000000059500000
R8 =0x00000000000f423f, R9 =0x0000000000000078, R10=0x0000000002775de8, R11=0x000000006fa196f0
R12=0x0000000000000000, R13=0x0000000056d0f090, R14=0x000000005a70eea0, R15=0x0000000059500000
RIP=0x00000000027609c1, EFLAGS=0x0000000000010246

Top of Stack: (sp=0x000000005a70ed68)
0x000000005a70ed68:   000000006f9d4009 0000000057094028
0x000000005a70ed78:   0000000059500000 00000000593c2528
0x000000005a70ed88:   0000000057094551 0000000002767cc1
0x000000005a70ed98:   0000000002775e14 0000000056d0f090
0x000000005a70eda8:   000000005a70ee48 0000000000000002
0x000000005a70edb8:   0000000056d0f090 00000000000f423f
0x000000005a70edc8:   00000000000f423e 0000000000000007
0x000000005a70edd8:   0000000057094600 0000000059500000
0x000000005a70ede8:   0000000016cf0c30 0000000016cf0c30
0x000000005a70edf8:   0000000059500000 000000005a70ef08
0x000000005a70ee08:   000000005a70ee08 0000000000000000
0x000000005a70ee18:   000000005a70eea0 0000000056d3af98
0x000000005a70ee28:   0000000000000000 0000000056d0f090
0x000000005a70ee38:   0000000000000000 000000005a70ee68
0x000000005a70ee48:   000000005a70eee8 00000000027674a0
0x000000005a70ee58:   0000000000000000 000000000276f940 

Instructions: (pc=0x00000000027609c1)
0x00000000027609a1:   c6 01 00 00 e9 30 ff ff ff 8b c1 87 02 c3 48 8b
0x00000000027609b1:   c1 48 87 02 c3 41 8b c0 f0 0f b1 0a c3 49 8b c0
0x00000000027609c1:   f0 48 0f b1 0a c3 8b c1 f0 0f c1 0a 03 c1 c3 48
0x00000000027609d1:   8b c1 f0 48 0f c1 0a 48 03 c1 c3 f0 83 04 24 00 


Register to memory mapping:

RAX=0x00000000000f423f is an unknown value
RBX=0x00000000000f423f is an unknown value
RCX=0x00000000000f423e is an unknown value
RDX=0x0000000000000078 is an unknown value
RSP=0x000000005a70ed68 is pointing into the stack for thread: 0x0000000059500000
RBP=0x0000000000000078 is an unknown value
RSI=0x0000000000000000 is an unknown value
RDI=0x0000000059500000 is a thread
R8 =0x00000000000f423f is an unknown value
R9 =0x0000000000000078 is an unknown value
R10=0x0000000002775de8 is at code_begin+840 in an Interpreter codelet
method entry point (kind = native)  [0x0000000002775aa0, 0x0000000002776400]  2400 bytes
R11=0x000000006fa196f0 is an unknown value
R12=0x0000000000000000 is an unknown value
R13={method} {0x0000000056d0f098} 'compareAndSwapLong' '(Ljava/lang/Object;JJJ)Z' in 'sun/misc/Unsafe'
R14=0x000000005a70eea0 is pointing into the stack for thread: 0x0000000059500000
R15=0x0000000059500000 is a thread


Stack: [0x000000005a610000,0x000000005a710000],  sp=0x000000005a70ed68,  free space=1019k
Native frames: (J=compiled Java code, j=interpreted, Vv=VM code, C=native code)
C  0x00000000027609c1

Java frames: (J=compiled Java code, j=interpreted, Vv=VM code)
j  sun.misc.Unsafe.compareAndSwapLong(Ljava/lang/Object;JJJ)Z+0
j  pingpong.CASApp$Pong.run()V+49
j  java.lang.Thread.run()V+11
v  ~StubRoutines::call_stub

---------------  P R O C E S S  ---------------

Java Threads: ( => current thread )
  0x00000000022fd000 JavaThread "DestroyJavaVM" [_thread_blocked, id=15004, stack(0x0000000002480000,0x0000000002580000)]
=>0x0000000059500000 JavaThread "Thread-1" [_thread_in_vm, id=7780, stack(0x000000005a610000,0x000000005a710000)]
  0x00000000594ff800 JavaThread "Thread-0" [_thread_in_vm, id=10268, stack(0x000000005a490000,0x000000005a590000)]
  0x00000000593d1000 JavaThread "Service Thread" daemon [_thread_blocked, id=11684, stack(0x000000005a050000,0x000000005a150000)]
  0x00000000593b4000 JavaThread "C1 CompilerThread2" daemon [_thread_blocked, id=17304, stack(0x0000000059e30000,0x0000000059f30000)]
  0x00000000593b2000 JavaThread "C2 CompilerThread1" daemon [_thread_blocked, id=14072, stack(0x0000000058dd0000,0x0000000058ed0000)]
  0x00000000593b1800 JavaThread "C2 CompilerThread0" daemon [_thread_blocked, id=15364, stack(0x0000000059cd0000,0x0000000059dd0000)]
  0x0000000059383000 JavaThread "Monitor Ctrl-Break" daemon [_thread_in_native, id=15584, stack(0x0000000059b00000,0x0000000059c00000)]
  0x00000000589c0800 JavaThread "Attach Listener" daemon [_thread_blocked, id=16716, stack(0x0000000059170000,0x0000000059270000)]
  0x000000005768f000 JavaThread "Signal Dispatcher" daemon [_thread_blocked, id=16448, stack(0x0000000058ee0000,0x0000000058fe0000)]
  0x0000000057671800 JavaThread "Finalizer" daemon [_thread_blocked, id=16900, stack(0x00000000588b0000,0x00000000589b0000)]
  0x000000005762a800 JavaThread "Reference Handler" daemon [_thread_blocked, id=14136, stack(0x0000000058780000,0x0000000058880000)]

Other Threads:
  0x0000000057623800 VMThread [stack: 0x0000000058570000,0x0000000058670000] [id=14608]
  0x00000000594de000 WatcherThread [stack: 0x000000005a270000,0x000000005a370000] [id=16800]

VM state:not at safepoint (normal execution)

VM Mutex/Monitor currently owned by a thread: None

Heap:
 PSYoungGen      total 38400K, used 6672K [0x00000000d5d00000, 0x00000000d8780000, 0x0000000100000000)
  eden space 33280K, 20% used [0x00000000d5d00000,0x00000000d6384380,0x00000000d7d80000)
  from space 5120K, 0% used [0x00000000d8280000,0x00000000d8280000,0x00000000d8780000)
  to   space 5120K, 0% used [0x00000000d7d80000,0x00000000d7d80000,0x00000000d8280000)
 ParOldGen       total 87552K, used 0K [0x0000000081600000, 0x0000000086b80000, 0x00000000d5d00000)
  object space 87552K, 0% used [0x0000000081600000,0x0000000081600000,0x0000000086b80000)
 Metaspace       used 3346K, capacity 4564K, committed 4864K, reserved 1056768K
  class space    used 363K, capacity 388K, committed 512K, reserved 1048576K

Card table byte_map: [0x0000000011b20000,0x0000000011f20000] byte_map_base: 0x0000000011715000

Marking Bits: (ParMarkBitMap*) 0x0000000070000600
 Begin Bits: [0x0000000012940000, 0x00000000148e8000)
 End Bits:   [0x00000000148e8000, 0x0000000016890000)

Polling page: 0x0000000001c60000

CodeCache: size=245760Kb used=1182Kb max_used=1182Kb free=244577Kb
 bounds [0x0000000002760000, 0x00000000029d0000, 0x0000000011760000]
 total_blobs=310 nmethods=53 adapters=171
 compilation: enabled

Compilation events (10 events):
Event: 0.171 Thread 0x00000000593b4000 nmethod 41 0x000000000287a410 code [0x000000000287a580, 0x000000000287a8a8]
Event: 0.171 Thread 0x00000000593b4000   42  s    3       sun.misc.URLClassPath::getNextLoader (88 bytes)
Event: 0.171 Thread 0x00000000593b4000 nmethod 42 0x0000000002880990 code [0x0000000002880b60, 0x00000000028813a8]
Event: 0.171 Thread 0x00000000593b4000   44       3       java.util.ArrayList::get (11 bytes)
Event: 0.171 Thread 0x00000000593b4000 nmethod 44 0x0000000002879d10 code [0x0000000002879ea0, 0x000000000287a1d8]
Event: 0.171 Thread 0x00000000593b4000   45       3       java.util.ArrayList::rangeCheck (22 bytes)
Event: 0.172 Thread 0x00000000593b4000 nmethod 45 0x0000000002881810 code [0x0000000002881a20, 0x0000000002882498]
Event: 0.172 Thread 0x00000000593b4000   46       3       java.util.ArrayList::elementData (7 bytes)
Event: 0.172 Thread 0x00000000593b4000 nmethod 46 0x0000000002882a50 code [0x0000000002882ba0, 0x0000000002882d10]
Event: 0.172 Thread 0x00000000593b4000   47   !   3       sun.misc.URLClassPath$JarLoader::getResource (85 bytes)

GC Heap History (0 events):
No events

Deoptimization events (0 events):
No events

Internal exceptions (2 events):
Event: 0.024 Thread 0x00000000022fd000 Exception <a 'java/lang/NoSuchMethodError': Method sun.misc.Unsafe.defineClass(Ljava/lang/String;[BII)Ljava/lang/Class; name or signature does not match> (0x00000000d5d07cc0) thrown at [D:\re\workspace\8-2-build-windows-amd64-cygwin\jdk8u77\6540\hotspot\srÚWC'Ý˜?
Event: 0.024 Thread 0x00000000022fd000 Exception <a 'java/lang/NoSuchMethodError': Method sun.misc.Unsafe.prefetchRead(Ljava/lang/Object;J)V name or signature does not match> (0x00000000d5d07fa8) thrown at [D:\re\workspace\8-2-build-windows-amd64-cygwin\jdk8u77\6540\hotspot\src\share\vm\prims\j

Events (10 events):
Event: 0.168 loading class sun/reflect/UnsafeQualifiedStaticFieldAccessorImpl done
Event: 0.168 loading class sun/reflect/UnsafeQualifiedStaticObjectFieldAccessorImpl done
Event: 0.168 loading class pingpong/CASApp$Ping
Event: 0.168 loading class pingpong/CASApp$Ping done
Event: 0.168 loading class pingpong/CASApp$Pong
Event: 0.168 loading class pingpong/CASApp$Pong done
Event: 0.169 Thread 0x00000000594ff800 Thread added: 0x00000000594ff800
Event: 0.169 Thread 0x0000000059500000 Thread added: 0x0000000059500000
Event: 0.169 Thread 0x00000000022fd000 Thread exited: 0x00000000022fd000
Event: 0.169 Thread 0x00000000022fd000 Thread added: 0x00000000022fd000


Dynamic libraries:
0x000000013fcd0000 - 0x000000013fd07000 	C:\Program Files\Java\jdk1.8.0_77\bin\java.exe
0x0000000077c30000 - 0x0000000077dda000 	C:\Windows\SYSTEM32\ntdll.dll
0x0000000077a10000 - 0x0000000077b2f000 	C:\Windows\system32\kernel32.dll
0x000007fefdd30000 - 0x000007fefdd9a000 	C:\Windows\system32\KERNELBASE.dll
0x000007fefee20000 - 0x000007fefeefb000 	C:\Windows\system32\ADVAPI32.dll
0x000007fefe740000 - 0x000007fefe7df000 	C:\Windows\system32\msvcrt.dll
0x000007fefe5b0000 - 0x000007fefe5cf000 	C:\Windows\SYSTEM32\sechost.dll
0x000007feffd30000 - 0x000007feffe5d000 	C:\Windows\system32\RPCRT4.dll
0x0000000077b30000 - 0x0000000077c2a000 	C:\Windows\system32\USER32.dll
0x000007fefe860000 - 0x000007fefe8c7000 	C:\Windows\system32\GDI32.dll
0x000007fefe730000 - 0x000007fefe73e000 	C:\Windows\system32\LPK.dll
0x000007fefe020000 - 0x000007fefe0ea000 	C:\Windows\system32\USP10.dll
0x000007fefc130000 - 0x000007fefc324000 	C:\Windows\WinSxS\amd64_microsoft.windows.common-controls_6595b64144ccf1df_6.0.7601.17514_none_fa396087175ac9ac\COMCTL32.dll
0x000007feffcb0000 - 0x000007feffd21000 	C:\Windows\system32\SHLWAPI.dll
0x000007fefeae0000 - 0x000007fefeb0e000 	C:\Windows\system32\IMM32.DLL
0x000007fefe970000 - 0x000007fefea79000 	C:\Windows\system32\MSCTF.dll
0x0000000064c40000 - 0x0000000064d12000 	C:\Program Files\Java\jdk1.8.0_77\jre\bin\msvcr100.dll
0x000000006f7f0000 - 0x0000000070080000 	C:\Program Files\Java\jdk1.8.0_77\jre\bin\server\jvm.dll
0x000007fef28c0000 - 0x000007fef28c9000 	C:\Windows\system32\WSOCK32.dll
0x000007fefedd0000 - 0x000007fefee1d000 	C:\Windows\system32\WS2_32.dll
0x000007fefeb10000 - 0x000007fefeb18000 	C:\Windows\system32\NSI.dll
0x000007fefb990000 - 0x000007fefb9cb000 	C:\Windows\system32\WINMM.dll
0x000007fefc910000 - 0x000007fefc91c000 	C:\Windows\system32\VERSION.dll
0x0000000077df0000 - 0x0000000077df7000 	C:\Windows\system32\PSAPI.DLL
0x0000000071fa0000 - 0x0000000071faf000 	C:\Program Files\Java\jdk1.8.0_77\jre\bin\verify.dll
0x0000000071f70000 - 0x0000000071f99000 	C:\Program Files\Java\jdk1.8.0_77\jre\bin\java.dll
0x0000000066d20000 - 0x0000000066d43000 	C:\Program Files\Java\jdk1.8.0_77\jre\bin\instrument.dll
0x0000000071ee0000 - 0x0000000071ef6000 	C:\Program Files\Java\jdk1.8.0_77\jre\bin\zip.dll
0x000007fefef00000 - 0x000007feffc88000 	C:\Windows\system32\SHELL32.dll
0x000007fefde10000 - 0x000007fefe013000 	C:\Windows\system32\ole32.dll
0x000007fefd9e0000 - 0x000007fefd9ef000 	C:\Windows\system32\profapi.dll
0x000007fefa2c0000 - 0x000007fefa2da000 	D:\Program Files\JetBrains\IntelliJ IDEA Community Edition 2018.1.1\bin\breakgen64.dll
0x0000000002440000 - 0x000000000245a000 	C:\Program Files\Java\jdk1.8.0_77\jre\bin\net.dll
0x000007fefd1e0000 - 0x000007fefd235000 	C:\Windows\system32\mswsock.dll
0x000007fefd1d0000 - 0x000007fefd1d7000 	C:\Windows\System32\wship6.dll
0x000007fee8b70000 - 0x000007fee8c95000 	C:\Windows\system32\dbghelp.dll

VM Arguments:
jvm_args: -javaagent:D:\Program Files\JetBrains\IntelliJ IDEA Community Edition 2018.1.1\lib\idea_rt.jar=57029:D:\Program Files\JetBrains\IntelliJ IDEA Community Edition 2018.1.1\bin -Dfile.encoding=UTF-8 
java_command: pingpong.CASApp
java_class_path (initial): C:\Program Files\Java\jdk1.8.0_77\jre\lib\charsets.jar;C:\Program Files\Java\jdk1.8.0_77\jre\lib\deploy.jar;C:\Program Files\Java\jdk1.8.0_77\jre\lib\ext\access-bridge-64.jar;C:\Program Files\Java\jdk1.8.0_77\jre\lib\ext\cldrdata.jar;C:\Program Files\Java\jdk1.8.0_77\jre\lib\ext\dnsns.jar;C:\Program Files\Java\jdk1.8.0_77\jre\lib\ext\jaccess.jar;C:\Program Files\Java\jdk1.8.0_77\jre\lib\ext\jfxrt.jar;C:\Program Files\Java\jdk1.8.0_77\jre\lib\ext\localedata.jar;C:\Program Files\Java\jdk1.8.0_77\jre\lib\ext\nashorn.jar;C:\Program Files\Java\jdk1.8.0_77\jre\lib\ext\sunec.jar;C:\Program Files\Java\jdk1.8.0_77\jre\lib\ext\sunjce_provider.jar;C:\Program Files\Java\jdk1.8.0_77\jre\lib\ext\sunmscapi.jar;C:\Program Files\Java\jdk1.8.0_77\jre\lib\ext\sunpkcs11.jar;C:\Program Files\Java\jdk1.8.0_77\jre\lib\ext\zipfs.jar;C:\Program Files\Java\jdk1.8.0_77\jre\lib\javaws.jar;C:\Program Files\Java\jdk1.8.0_77\jre\lib\jce.jar;C:\Program Files\Java\jdk1.8.0_77\jre\lib\jfr.jar;C:\Program Files\Java\jdk1.8.0_77\jre\lib\jfxswt.jar;C:\Program Files\Java\jdk1.8.0_77\jre\lib\jsse.jar;C:\Program Files\Java\jdk1.8.0_77\jre\lib\management-agent.jar;C:\Program Files\Java\jdk1.8.0_77\jre\lib\plugin.jar;C:\Program Files\Java\jdk1.8.0_77\jre\lib\resources.jar;C:\Program Files\Java\jdk1.8.0_77\jre\lib\rt.jar;E:\workspace\Z_JONEX\target\test-classes;E:\workspace\Z_JONEX\target\classes;C:\Program Files\Java\jdk1.8.0_77\lib\tools.jar;E:\mvnRepository\org\apache\solr\solr-core\6.2.1\solr-core-6.2.1.jar;E:\mvnRepository\org\apache\lucene\lucene-analyzers-common\6.2.1\lucene-analyzers-common-6.2.1.jar;E:\mvnRepository\org\apache\lucene\lucene-analyzers-kuromoji\6.2.1\lucene-analyzers-kuromoji-6.2.1.jar;E:\mvnRepository\org\apache\lucene\lucene-analyzers-phonetic\6.2.1\lucene-analyzers-phonetic-6.2.1.jar;E:\mvnRepository\org\apache\lucene\lucene-backward-codecs\6.2.1\lucene-backward-codecs-6.2.1.jar;E:\mvnRepository\org\apache\lucene\lucene-classification\6.2.1\lucene-classi
Launcher Type: SUN_STANDARD

Environment Variables:
JAVA_HOME=C:\Program Files\Java\jdk1.8.0_77
PATH=C:\ProgramData\Oracle\Java\javapath;C:\Program Files (x86)\Intel\iCLS Client\;C:\Program Files\Intel\iCLS Client\;C:\Windows\system32;C:\Windows;C:\Windows\System32\Wbem;C:\Windows\System32\WindowsPowerShell\v1.0\;C:\Program Files (x86)\Intel\UCRT\;C:\Program Files\Intel\UCRT\;C:\Program Files (x86)\Intel\Intel(R) Management Engine Components\DAL;C:\Program Files\Intel\Intel(R) Management Engine Components\DAL;C:\Program Files (x86)\Intel\Intel(R) Management Engine Components\IPT;C:\Program Files\Intel\Intel(R) Management Engine Components\IPT;C:\Program Files (x86)\NVIDIA Corporation\PhysX\Common;D:\Program Files\TortoiseSVN\bin;D:\Program Files\Git\cmd;D:\Program Files\Git\mingw64\bin;D:\Program Files\Git\usr\bin;C:\Program Files\Java\jdk1.8.0_77\bin;E:\ide\apache-maven-3.3.9\bin
USERNAME=lijunjun
OS=Windows_NT
PROCESSOR_IDENTIFIER=Intel64 Family 6 Model 94 Stepping 3, GenuineIntel



---------------  S Y S T E M  ---------------

OS: Windows 7 , 64 bit Build 7601 (6.1.7601.23677)

CPU:total 4 (4 cores per cpu, 1 threads per core) family 6 model 94 stepping 3, cmov, cx8, fxsr, mmx, sse, sse2, sse3, ssse3, sse4.1, sse4.2, popcnt, avx, avx2, aes, clmul, erms, rtm, 3dnowpref, lzcnt, tsc, tscinvbit, bmi1, bmi2, adx

Memory: 4k page, physical 8293832k(1475108k free), swap 19593636k(4730924k free)

vm_info: Java HotSpot(TM) 64-Bit Server VM (25.77-b03) for windows-amd64 JRE (1.8.0_77-b03), built on Mar 20 2016 22:01:33 by "java_re" with MS VC++ 10.0 (VS2010)

time: Thu Jun 07 10:50:05 2018
elapsed time: 0 seconds (0d 0h 0m 0s)

