#
# A fatal error has been detected by the Java Runtime Environment:
#
#  EXCEPTION_ACCESS_VIOLATION (0xc0000005) at pc=0x000000006f9d520f, pid=15132, tid=16392
#
# JRE version: Java(TM) SE Runtime Environment (8.0_77-b03) (build 1.8.0_77-b03)
# Java VM: Java HotSpot(TM) 64-Bit Server VM (25.77-b03 mixed mode windows-amd64 compressed oops)
# Problematic frame:
# V  [jvm.dll+0x1e520f]
#
# Failed to write core dump. Minidumps are not enabled by default on client versions of Windows
#
# If you would like to submit a bug report, please visit:
#   http://bugreport.java.com/bugreport/crash.jsp
#

---------------  T H R E A D  ---------------

Current thread (0x0000000059308800):  JavaThread "Thread-0" [_thread_in_vm, id=16392, stack(0x0000000059da0000,0x0000000059ea0000)]

siginfo: ExceptionCode=0xc0000005, reading address 0x0000000000000078

Registers:
RAX=0x0000000059308800, RBX=0x0000000059308800, RCX=0x000000000000000b, RDX=0x0000000059e9f698
RSP=0x0000000059e9f5c0, RBP=0x0000000059e9f668, RSI=0x0000000000000002, RDI=0x0000000000000078
R8 =0x0000000000000078, R9 =0x00000000591fa9a0, R10=0x0000000002835de8, R11=0x000000006fa196f0
R12=0x0000000000000000, R13=0x0000000056cfd980, R14=0x0000000059e9f698, R15=0x0000000059308800
RIP=0x000000006f9d520f, EFLAGS=0x0000000000010246

Top of Stack: (sp=0x0000000059e9f5c0)
0x0000000059e9f5c0:   00000000591f3390 0000000059308800
0x0000000059e9f5d0:   0000000056cfd980 0000000000000002
0x0000000059e9f5e0:   0000000002827cc1 0000000002835e14
0x0000000059e9f5f0:   0000000056cfd980 0000000059e9f668
0x0000000059e9f600:   0000000000000002 0000000056cfd980
0x0000000059e9f610:   0000000000000002 0000000059308800
0x0000000059e9f620:   0000000002835b42 0000000059e9f628
0x0000000059e9f630:   0000000056cfd980 0000000059e9f698
0x0000000059e9f640:   0000000056d2af98 0000000000000000
0x0000000059e9f650:   0000000056cfd980 0000000000000000
0x0000000059e9f660:   0000000059e9f688 0000000059e9f6e0
0x0000000059e9f670:   0000000002827710 0000000000000000
0x0000000059e9f680:   000000000282f956 0000000000000078
0x0000000059e9f690:   00000000d5ff3158 00000000d5d089b8
0x0000000059e9f6a0:   0000000059e9f6a0 0000000057083933
0x0000000059e9f6b0:   0000000059e9f708 0000000057083aa8 

Instructions: (pc=0x000000006f9d520f)
0x000000006f9d51ef:   a9 05 00 c7 83 70 02 00 00 06 00 00 00 8b 0d b6
0x000000006f9d51ff:   34 5c 00 ff 15 e8 f1 3e 00 c6 80 94 02 00 00 01
0x000000006f9d520f:   8b 2f c6 80 94 02 00 00 00 48 8b 7b 48 48 8b 47
0x000000006f9d521f:   10 48 8b 77 08 48 83 38 00 74 15 48 8b 57 28 48 


Register to memory mapping:

RAX=0x0000000059308800 is a thread
RBX=0x0000000059308800 is a thread
RCX=0x000000000000000b is an unknown value
RDX=0x0000000059e9f698 is pointing into the stack for thread: 0x0000000059308800
RSP=0x0000000059e9f5c0 is pointing into the stack for thread: 0x0000000059308800
RBP=0x0000000059e9f668 is pointing into the stack for thread: 0x0000000059308800
RSI=0x0000000000000002 is an unknown value
RDI=0x0000000000000078 is an unknown value
R8 =0x0000000000000078 is an unknown value
R9 =0x00000000591fa9a0 is an unknown value
R10=0x0000000002835de8 is at code_begin+840 in an Interpreter codelet
method entry point (kind = native)  [0x0000000002835aa0, 0x0000000002836400]  2400 bytes
R11=0x000000006fa196f0 is an unknown value
R12=0x0000000000000000 is an unknown value
R13={method} {0x0000000056cfd988} 'getInt' '(J)I' in 'sun/misc/Unsafe'
R14=0x0000000059e9f698 is pointing into the stack for thread: 0x0000000059308800
R15=0x0000000059308800 is a thread


Stack: [0x0000000059da0000,0x0000000059ea0000],  sp=0x0000000059e9f5c0,  free space=1021k
Native frames: (J=compiled Java code, j=interpreted, Vv=VM code, C=native code)
V  [jvm.dll+0x1e520f]
C  0x0000000002835e14

Java frames: (J=compiled Java code, j=interpreted, Vv=VM code)
j  sun.misc.Unsafe.getInt(J)I+0
j  pingpong.CASApp$Ping.run()V+35
j  java.lang.Thread.run()V+11
v  ~StubRoutines::call_stub

---------------  P R O C E S S  ---------------

Java Threads: ( => current thread )
  0x00000000022fd000 JavaThread "DestroyJavaVM" [_thread_blocked, id=14916, stack(0x0000000002720000,0x0000000002820000)]
  0x000000005930c000 JavaThread "Thread-1" [_thread_new, id=7764, stack(0x0000000000000000,0x0000000000000000)]
=>0x0000000059308800 JavaThread "Thread-0" [_thread_in_vm, id=16392, stack(0x0000000059da0000,0x0000000059ea0000)]
  0x00000000591f7800 JavaThread "Service Thread" daemon [_thread_blocked, id=6936, stack(0x0000000059ec0000,0x0000000059fc0000)]
  0x00000000591f4000 JavaThread "C1 CompilerThread2" daemon [_thread_blocked, id=15956, stack(0x0000000058e50000,0x0000000058f50000)]
  0x00000000591ef800 JavaThread "C2 CompilerThread1" daemon [_thread_blocked, id=14344, stack(0x0000000059c30000,0x0000000059d30000)]
  0x00000000591ef000 JavaThread "C2 CompilerThread0" daemon [_thread_blocked, id=16060, stack(0x00000000599f0000,0x0000000059af0000)]
  0x00000000591ed000 JavaThread "Monitor Ctrl-Break" daemon [_thread_in_vm, id=15512, stack(0x00000000598f0000,0x00000000599f0000)]
  0x0000000058a42800 JavaThread "Attach Listener" daemon [_thread_blocked, id=12576, stack(0x0000000058800000,0x0000000058900000)]
  0x000000005767a000 JavaThread "Signal Dispatcher" daemon [_thread_blocked, id=6948, stack(0x0000000058fb0000,0x00000000590b0000)]
  0x000000005765e800 JavaThread "Finalizer" daemon [_thread_blocked, id=16056, stack(0x0000000058930000,0x0000000058a30000)]
  0x0000000057617000 JavaThread "Reference Handler" daemon [_thread_blocked, id=4892, stack(0x00000000586d0000,0x00000000587d0000)]

Other Threads:
  0x000000005760f800 VMThread [stack: 0x0000000058570000,0x0000000058670000] [id=14808]
  0x0000000059217000 WatcherThread [stack: 0x000000005a000000,0x000000005a100000] [id=17240]

VM state:not at safepoint (normal execution)

VM Mutex/Monitor currently owned by a thread: None

Heap:
 PSYoungGen      total 38400K, used 6007K [0x00000000d5d00000, 0x00000000d8780000, 0x0000000100000000)
  eden space 33280K, 18% used [0x00000000d5d00000,0x00000000d62ddd08,0x00000000d7d80000)
  from space 5120K, 0% used [0x00000000d8280000,0x00000000d8280000,0x00000000d8780000)
  to   space 5120K, 0% used [0x00000000d7d80000,0x00000000d7d80000,0x00000000d8280000)
 ParOldGen       total 87552K, used 0K [0x0000000081600000, 0x0000000086b80000, 0x00000000d5d00000)
  object space 87552K, 0% used [0x0000000081600000,0x0000000081600000,0x0000000086b80000)
 Metaspace       used 3318K, capacity 4564K, committed 4864K, reserved 1056768K
  class space    used 361K, capacity 388K, committed 512K, reserved 1048576K

Card table byte_map: [0x0000000011be0000,0x0000000011fe0000] byte_map_base: 0x00000000117d5000

Marking Bits: (ParMarkBitMap*) 0x0000000070000600
 Begin Bits: [0x0000000012930000, 0x00000000148d8000)
 End Bits:   [0x00000000148d8000, 0x0000000016880000)

Polling page: 0x0000000000130000

CodeCache: size=245760Kb used=1142Kb max_used=1142Kb free=244617Kb
 bounds [0x0000000002820000, 0x0000000002a90000, 0x0000000011820000]
 total_blobs=301 nmethods=45 adapters=170
 compilation: enabled

Compilation events (10 events):
Event: 0.190 Thread 0x00000000591f4000   40       1       java.nio.Buffer::position (5 bytes)
Event: 0.190 Thread 0x00000000591f4000 nmethod 40 0x0000000002938b50 code [0x0000000002938ca0, 0x0000000002938db0]
Event: 0.192 Thread 0x00000000591f4000   42       3       java.util.HashMap::getNode (148 bytes)
Event: 0.193 Thread 0x00000000591f4000 nmethod 42 0x0000000002935b10 code [0x0000000002935ce0, 0x0000000002936668]
Event: 0.193 Thread 0x00000000591f4000   41       3       java.util.HashMap::hash (20 bytes)
Event: 0.193 Thread 0x00000000591f4000 nmethod 41 0x0000000002935650 code [0x00000000029357c0, 0x0000000002935a08]
Event: 0.193 Thread 0x00000000591f4000   43       3       java.lang.StringBuilder::toString (17 bytes)
Event: 0.193 Thread 0x00000000591f4000 nmethod 43 0x000000000293bbd0 code [0x000000000293bd40, 0x000000000293bf28]
Event: 0.194 Thread 0x00000000591f4000   44       3       java.lang.String::substring (79 bytes)
Event: 0.194 Thread 0x00000000591f4000 nmethod 44 0x000000000293cc90 code [0x000000000293ce40, 0x000000000293d2d8]

GC Heap History (0 events):
No events

Deoptimization events (0 events):
No events

Internal exceptions (2 events):
Event: 0.023 Thread 0x00000000022fd000 Exception <a 'java/lang/NoSuchMethodError': Method sun.misc.Unsafe.defineClass(Ljava/lang/String;[BII)Ljava/lang/Class; name or signature does not match> (0x00000000d5d07cc0) thrown at [D:\re\workspace\8-2-build-windows-amd64-cygwin\jdk8u77\6540\hotspot\sr‰ªì­²˜?
Event: 0.023 Thread 0x00000000022fd000 Exception <a 'java/lang/NoSuchMethodError': Method sun.misc.Unsafe.prefetchRead(Ljava/lang/Object;J)V name or signature does not match> (0x00000000d5d07fa8) thrown at [D:\re\workspace\8-2-build-windows-amd64-cygwin\jdk8u77\6540\hotspot\src\share\vm\prims\j

Events (10 events):
Event: 0.194 loading class sun/net/spi/DefaultProxySelector$3
Event: 0.194 loading class sun/net/spi/DefaultProxySelector$3 done
Event: 0.194 loading class java/net/Proxy
Event: 0.194 loading class java/net/Proxy done
Event: 0.194 loading class java/net/Proxy$Type
Event: 0.194 loading class java/net/Proxy$Type done
Event: 0.194 loading class java/util/ArrayList$Itr
Event: 0.194 loading class java/util/ArrayList$Itr done
Event: 0.194 loading class sun/net/NetHooks
Event: 0.194 loading class sun/net/NetHooks done


Dynamic libraries:
0x000000013f720000 - 0x000000013f757000 	C:\Program Files\Java\jdk1.8.0_77\bin\java.exe
0x0000000077c30000 - 0x0000000077dda000 	C:\Windows\SYSTEM32\ntdll.dll
0x0000000077a10000 - 0x0000000077b2f000 	C:\Windows\system32\kernel32.dll
0x000007fefdd30000 - 0x000007fefdd9a000 	C:\Windows\system32\KERNELBASE.dll
0x000007fefee20000 - 0x000007fefeefb000 	C:\Windows\system32\ADVAPI32.dll
0x000007fefe740000 - 0x000007fefe7df000 	C:\Windows\system32\msvcrt.dll
0x000007fefe5b0000 - 0x000007fefe5cf000 	C:\Windows\SYSTEM32\sechost.dll
0x000007feffd30000 - 0x000007feffe5d000 	C:\Windows\system32\RPCRT4.dll
0x0000000077b30000 - 0x0000000077c2a000 	C:\Windows\system32\USER32.dll
0x000007fefe860000 - 0x000007fefe8c7000 	C:\Windows\system32\GDI32.dll
0x000007fefe730000 - 0x000007fefe73e000 	C:\Windows\system32\LPK.dll
0x000007fefe020000 - 0x000007fefe0ea000 	C:\Windows\system32\USP10.dll
0x000007fefc130000 - 0x000007fefc324000 	C:\Windows\WinSxS\amd64_microsoft.windows.common-controls_6595b64144ccf1df_6.0.7601.17514_none_fa396087175ac9ac\COMCTL32.dll
0x000007feffcb0000 - 0x000007feffd21000 	C:\Windows\system32\SHLWAPI.dll
0x000007fefeae0000 - 0x000007fefeb0e000 	C:\Windows\system32\IMM32.DLL
0x000007fefe970000 - 0x000007fefea79000 	C:\Windows\system32\MSCTF.dll
0x0000000064c40000 - 0x0000000064d12000 	C:\Program Files\Java\jdk1.8.0_77\jre\bin\msvcr100.dll
0x000000006f7f0000 - 0x0000000070080000 	C:\Program Files\Java\jdk1.8.0_77\jre\bin\server\jvm.dll
0x000007fef28c0000 - 0x000007fef28c9000 	C:\Windows\system32\WSOCK32.dll
0x000007fefedd0000 - 0x000007fefee1d000 	C:\Windows\system32\WS2_32.dll
0x000007fefeb10000 - 0x000007fefeb18000 	C:\Windows\system32\NSI.dll
0x000007fefb990000 - 0x000007fefb9cb000 	C:\Windows\system32\WINMM.dll
0x000007fefc910000 - 0x000007fefc91c000 	C:\Windows\system32\VERSION.dll
0x0000000077df0000 - 0x0000000077df7000 	C:\Windows\system32\PSAPI.DLL
0x0000000071fa0000 - 0x0000000071faf000 	C:\Program Files\Java\jdk1.8.0_77\jre\bin\verify.dll
0x0000000071f70000 - 0x0000000071f99000 	C:\Program Files\Java\jdk1.8.0_77\jre\bin\java.dll
0x0000000066cf0000 - 0x0000000066d13000 	C:\Program Files\Java\jdk1.8.0_77\jre\bin\instrument.dll
0x0000000071ee0000 - 0x0000000071ef6000 	C:\Program Files\Java\jdk1.8.0_77\jre\bin\zip.dll
0x000007fefef00000 - 0x000007feffc88000 	C:\Windows\system32\SHELL32.dll
0x000007fefde10000 - 0x000007fefe013000 	C:\Windows\system32\ole32.dll
0x000007fefd9e0000 - 0x000007fefd9ef000 	C:\Windows\system32\profapi.dll
0x000007fef8090000 - 0x000007fef80aa000 	D:\Program Files\JetBrains\IntelliJ IDEA Community Edition 2018.1.1\bin\breakgen64.dll
0x00000000001a0000 - 0x00000000001ba000 	C:\Program Files\Java\jdk1.8.0_77\jre\bin\net.dll
0x000007fefd1e0000 - 0x000007fefd235000 	C:\Windows\system32\mswsock.dll
0x000007fefd1d0000 - 0x000007fefd1d7000 	C:\Windows\System32\wship6.dll
0x000007fee8b70000 - 0x000007fee8c95000 	C:\Windows\system32\dbghelp.dll

VM Arguments:
jvm_args: -javaagent:D:\Program Files\JetBrains\IntelliJ IDEA Community Edition 2018.1.1\lib\idea_rt.jar=56943:D:\Program Files\JetBrains\IntelliJ IDEA Community Edition 2018.1.1\bin -Dfile.encoding=UTF-8 
java_command: pingpong.CASApp
java_class_path (initial): C:\Program Files\Java\jdk1.8.0_77\jre\lib\charsets.jar;C:\Program Files\Java\jdk1.8.0_77\jre\lib\deploy.jar;C:\Program Files\Java\jdk1.8.0_77\jre\lib\ext\access-bridge-64.jar;C:\Program Files\Java\jdk1.8.0_77\jre\lib\ext\cldrdata.jar;C:\Program Files\Java\jdk1.8.0_77\jre\lib\ext\dnsns.jar;C:\Program Files\Java\jdk1.8.0_77\jre\lib\ext\jaccess.jar;C:\Program Files\Java\jdk1.8.0_77\jre\lib\ext\jfxrt.jar;C:\Program Files\Java\jdk1.8.0_77\jre\lib\ext\localedata.jar;C:\Program Files\Java\jdk1.8.0_77\jre\lib\ext\nashorn.jar;C:\Program Files\Java\jdk1.8.0_77\jre\lib\ext\sunec.jar;C:\Program Files\Java\jdk1.8.0_77\jre\lib\ext\sunjce_provider.jar;C:\Program Files\Java\jdk1.8.0_77\jre\lib\ext\sunmscapi.jar;C:\Program Files\Java\jdk1.8.0_77\jre\lib\ext\sunpkcs11.jar;C:\Program Files\Java\jdk1.8.0_77\jre\lib\ext\zipfs.jar;C:\Program Files\Java\jdk1.8.0_77\jre\lib\javaws.jar;C:\Program Files\Java\jdk1.8.0_77\jre\lib\jce.jar;C:\Program Files\Java\jdk1.8.0_77\jre\lib\jfr.jar;C:\Program Files\Java\jdk1.8.0_77\jre\lib\jfxswt.jar;C:\Program Files\Java\jdk1.8.0_77\jre\lib\jsse.jar;C:\Program Files\Java\jdk1.8.0_77\jre\lib\management-agent.jar;C:\Program Files\Java\jdk1.8.0_77\jre\lib\plugin.jar;C:\Program Files\Java\jdk1.8.0_77\jre\lib\resources.jar;C:\Program Files\Java\jdk1.8.0_77\jre\lib\rt.jar;E:\workspace\Z_JONEX\target\test-classes;E:\workspace\Z_JONEX\target\classes;C:\Program Files\Java\jdk1.8.0_77\lib\tools.jar;E:\mvnRepository\org\apache\solr\solr-core\6.2.1\solr-core-6.2.1.jar;E:\mvnRepository\org\apache\lucene\lucene-analyzers-common\6.2.1\lucene-analyzers-common-6.2.1.jar;E:\mvnRepository\org\apache\lucene\lucene-analyzers-kuromoji\6.2.1\lucene-analyzers-kuromoji-6.2.1.jar;E:\mvnRepository\org\apache\lucene\lucene-analyzers-phonetic\6.2.1\lucene-analyzers-phonetic-6.2.1.jar;E:\mvnRepository\org\apache\lucene\lucene-backward-codecs\6.2.1\lucene-backward-codecs-6.2.1.jar;E:\mvnRepository\org\apache\lucene\lucene-classification\6.2.1\lucene-classi
Launcher Type: SUN_STANDARD

Environment Variables:
JAVA_HOME=C:\Program Files\Java\jdk1.8.0_77
PATH=C:\ProgramData\Oracle\Java\javapath;C:\Program Files (x86)\Intel\iCLS Client\;C:\Program Files\Intel\iCLS Client\;C:\Windows\system32;C:\Windows;C:\Windows\System32\Wbem;C:\Windows\System32\WindowsPowerShell\v1.0\;C:\Program Files (x86)\Intel\UCRT\;C:\Program Files\Intel\UCRT\;C:\Program Files (x86)\Intel\Intel(R) Management Engine Components\DAL;C:\Program Files\Intel\Intel(R) Management Engine Components\DAL;C:\Program Files (x86)\Intel\Intel(R) Management Engine Components\IPT;C:\Program Files\Intel\Intel(R) Management Engine Components\IPT;C:\Program Files (x86)\NVIDIA Corporation\PhysX\Common;D:\Program Files\TortoiseSVN\bin;D:\Program Files\Git\cmd;D:\Program Files\Git\mingw64\bin;D:\Program Files\Git\usr\bin;C:\Program Files\Java\jdk1.8.0_77\bin;E:\ide\apache-maven-3.3.9\bin
USERNAME=lijunjun
OS=Windows_NT
PROCESSOR_IDENTIFIER=Intel64 Family 6 Model 94 Stepping 3, GenuineIntel



---------------  S Y S T E M  ---------------

OS: Windows 7 , 64 bit Build 7601 (6.1.7601.23677)

CPU:total 4 (4 cores per cpu, 1 threads per core) family 6 model 94 stepping 3, cmov, cx8, fxsr, mmx, sse, sse2, sse3, ssse3, sse4.1, sse4.2, popcnt, avx, avx2, aes, clmul, erms, rtm, 3dnowpref, lzcnt, tsc, tscinvbit, bmi1, bmi2, adx

Memory: 4k page, physical 8293832k(1408056k free), swap 19593636k(4684500k free)

vm_info: Java HotSpot(TM) 64-Bit Server VM (25.77-b03) for windows-amd64 JRE (1.8.0_77-b03), built on Mar 20 2016 22:01:33 by "java_re" with MS VC++ 10.0 (VS2010)

time: Thu Jun 07 10:46:49 2018
elapsed time: 0 seconds (0d 0h 0m 0s)

