#
# A fatal error has been detected by the Java Runtime Environment:
#
#  EXCEPTION_ACCESS_VIOLATION (0xc0000005) at pc=0x00000000027509c1, pid=13736, tid=14188
#
# JRE version: Java(TM) SE Runtime Environment (8.0_77-b03) (build 1.8.0_77-b03)
# Java VM: Java HotSpot(TM) 64-Bit Server VM (25.77-b03 mixed mode windows-amd64 compressed oops)
# Problematic frame:
# v  ~StubRoutines::atomic_cmpxchg_long
#
# Failed to write core dump. Minidumps are not enabled by default on client versions of Windows
#
# If you would like to submit a bug report, please visit:
#   http://bugreport.java.com/bugreport/crash.jsp
#

---------------  T H R E A D  ---------------

Current thread (0x000000005973f800):  JavaThread "Thread-0" [_thread_in_vm, id=14188, stack(0x000000005a700000,0x000000005a800000)]

siginfo: ExceptionCode=0xc0000005, writing address 0x0000000000000078

Registers:
RAX=0x00000000000f423f, RBX=0x00000000000f423f, RCX=0x00000000000f423e, RDX=0x0000000000000078
RSP=0x000000005a7ff698, RBP=0x0000000000000078, RSI=0x0000000000000000, RDI=0x000000005973f800
R8 =0x00000000000f423f, R9 =0x0000000000000078, R10=0x000000000276df80, R11=0x000000006fa196f0
R12=0x0000000000000000, R13=0x0000000056ba0fa8, R14=0x000000005a7ff7d0, R15=0x000000005973f800
RIP=0x00000000027509c1, EFLAGS=0x0000000000010246

Top of Stack: (sp=0x000000005a7ff698)
0x000000005a7ff698:   000000006f9d4009 0000000056f2ede0
0x000000005a7ff6a8:   000000005973f800 00000000596f3e38
0x000000005a7ff6b8:   0000000056f2f2dd 00000000ffffffff
0x000000005a7ff6c8:   000000000276dfac 0000000056ba0fa8
0x000000005a7ff6d8:   000000005a7ff778 000000005973f800
0x000000005a7ff6e8:   0000000056ba0fa8 00000000000f423f
0x000000005a7ff6f8:   00000000000f423e 0000000000000007
0x000000005a7ff708:   0000000056f2f388 000000005973f800
0x000000005a7ff718:   0000000016b81c90 0000000016b81c90
0x000000005a7ff728:   000000005973f800 000000005a7ff838
0x000000005a7ff738:   000000005a7ff738 0000000000000000
0x000000005a7ff748:   000000005a7ff7d0 0000000056bcdaa0
0x000000005a7ff758:   0000000000000000 0000000056ba0fa8
0x000000005a7ff768:   0000000000000000 000000005a7ff798
0x000000005a7ff778:   000000005a7ff818 0000000002757540
0x000000005a7ff788:   0000000000000000 00000000027642c0 

Instructions: (pc=0x00000000027509c1)
0x00000000027509a1:   c6 01 00 00 e9 30 ff ff ff 8b c1 87 02 c3 48 8b
0x00000000027509b1:   c1 48 87 02 c3 41 8b c0 f0 0f b1 0a c3 49 8b c0
0x00000000027509c1:   f0 48 0f b1 0a c3 8b c1 f0 0f c1 0a 03 c1 c3 48
0x00000000027509d1:   8b c1 f0 48 0f c1 0a 48 03 c1 c3 f0 83 04 24 00 


Register to memory mapping:

RAX=0x00000000000f423f is an unknown value
RBX=0x00000000000f423f is an unknown value
RCX=0x00000000000f423e is an unknown value
RDX=0x0000000000000078 is an unknown value
RSP=0x000000005a7ff698 is pointing into the stack for thread: 0x000000005973f800
RBP=0x0000000000000078 is an unknown value
RSI=0x0000000000000000 is an unknown value
RDI=0x000000005973f800 is a thread
R8 =0x00000000000f423f is an unknown value
R9 =0x0000000000000078 is an unknown value
R10=0x000000000276df80 is at code_begin+1632 in an Interpreter codelet
method entry point (kind = native)  [0x000000000276d920, 0x000000000276e940]  4128 bytes
R11=0x000000006fa196f0 is an unknown value
R12=0x0000000000000000 is an unknown value
R13={method} {0x0000000056ba0fb0} 'compareAndSwapLong' '(Ljava/lang/Object;JJJ)Z' in 'sun/misc/Unsafe'
R14=0x000000005a7ff7d0 is pointing into the stack for thread: 0x000000005973f800
R15=0x000000005973f800 is a thread


Stack: [0x000000005a700000,0x000000005a800000],  sp=0x000000005a7ff698,  free space=1021k
Native frames: (J=compiled Java code, j=interpreted, Vv=VM code, C=native code)
C  0x00000000027509c1

Java frames: (J=compiled Java code, j=interpreted, Vv=VM code)
j  sun.misc.Unsafe.compareAndSwapLong(Ljava/lang/Object;JJJ)Z+0
j  pingpong.CASApp$Ping.run()V+21
j  java.lang.Thread.run()V+11
v  ~StubRoutines::call_stub

---------------  P R O C E S S  ---------------

Java Threads: ( => current thread )
=>0x000000005973f800 JavaThread "Thread-0" [_thread_in_vm, id=14188, stack(0x000000005a700000,0x000000005a800000)]
  0x0000000059628000 JavaThread "Service Thread" daemon [_thread_blocked, id=12896, stack(0x000000005a290000,0x000000005a390000)]
  0x000000005960d800 JavaThread "C1 CompilerThread2" daemon [_thread_blocked, id=15756, stack(0x000000005a0d0000,0x000000005a1d0000)]
  0x000000005960c800 JavaThread "C2 CompilerThread1" daemon [_thread_blocked, id=16544, stack(0x0000000059ee0000,0x0000000059fe0000)]
  0x000000005960c000 JavaThread "C2 CompilerThread0" daemon [_thread_blocked, id=8916, stack(0x0000000059ce0000,0x0000000059de0000)]
  0x0000000058acc000 JavaThread "JDWP Command Reader" daemon [_thread_in_native, id=7060, stack(0x0000000059390000,0x0000000059490000)]
  0x0000000058ac8800 JavaThread "JDWP Event Helper Thread" daemon [_thread_blocked, id=13600, stack(0x0000000059290000,0x0000000059390000)]
  0x0000000058abb800 JavaThread "JDWP Transport Listener: dt_socket" daemon [_thread_blocked, id=14808, stack(0x0000000059060000,0x0000000059160000)]
  0x000000005751c800 JavaThread "Attach Listener" daemon [_thread_blocked, id=14564, stack(0x0000000058ea0000,0x0000000058fa0000)]
  0x0000000058aa2800 JavaThread "Signal Dispatcher" daemon [_thread_blocked, id=14472, stack(0x0000000058880000,0x0000000058980000)]
  0x00000000574fe800 JavaThread "Finalizer" daemon [_thread_blocked, id=7724, stack(0x0000000058990000,0x0000000058a90000)]
  0x00000000574b7800 JavaThread "Reference Handler" daemon [_thread_blocked, id=10308, stack(0x0000000058710000,0x0000000058810000)]
  0x00000000023fd000 JavaThread "main" [_thread_blocked, id=14584, stack(0x0000000002650000,0x0000000002750000)]

Other Threads:
  0x00000000574b0000 VMThread [stack: 0x0000000058520000,0x0000000058620000] [id=9344]
  0x00000000596f3800 WatcherThread [stack: 0x000000005a4b0000,0x000000005a5b0000] [id=16592]

VM state:synchronizing (normal execution)

VM Mutex/Monitor currently owned by a thread:  ([mutex/lock_event])
[0x00000000023fb250] Threads_lock - owner thread: 0x00000000574b0000

Heap:
 PSYoungGen      total 38400K, used 5342K [0x00000000d5d00000, 0x00000000d8780000, 0x0000000100000000)
  eden space 33280K, 16% used [0x00000000d5d00000,0x00000000d6237990,0x00000000d7d80000)
  from space 5120K, 0% used [0x00000000d8280000,0x00000000d8280000,0x00000000d8780000)
  to   space 5120K, 0% used [0x00000000d7d80000,0x00000000d7d80000,0x00000000d8280000)
 ParOldGen       total 87552K, used 0K [0x0000000081600000, 0x0000000086b80000, 0x00000000d5d00000)
  object space 87552K, 0% used [0x0000000081600000,0x0000000081600000,0x0000000086b80000)
 Metaspace       used 3168K, capacity 4600K, committed 4864K, reserved 1056768K
  class space    used 339K, capacity 424K, committed 512K, reserved 1048576K

Card table byte_map: [0x0000000011b10000,0x0000000011f10000] byte_map_base: 0x0000000011705000

Marking Bits: (ParMarkBitMap*) 0x0000000070000600
 Begin Bits: [0x00000000127d0000, 0x0000000014778000)
 End Bits:   [0x0000000014778000, 0x0000000016720000)

Polling page: 0x0000000000130000

CodeCache: size=245760Kb used=1168Kb max_used=1172Kb free=244591Kb
 bounds [0x0000000002750000, 0x00000000029c0000, 0x0000000011750000]
 total_blobs=295 nmethods=54 adapters=162
 compilation: enabled

Compilation events (10 events):
Event: 0.297 Thread 0x000000005960d800   50       3       java.lang.ref.Reference::<init> (25 bytes)
Event: 0.297 Thread 0x000000005960d800 nmethod 50 0x0000000002875650 code [0x00000000028757c0, 0x0000000002875a10]
Event: 2.995 Thread 0x000000005960d800   51       3       java.lang.AbstractStringBuilder::append (50 bytes)
Event: 2.996 Thread 0x000000005960d800 nmethod 51 0x0000000002874dd0 code [0x0000000002874f60, 0x0000000002875468]
Event: 5.339 Thread 0x000000005960d800   52       3       java.lang.String::getChars (62 bytes)
Event: 5.340 Thread 0x000000005960d800 nmethod 52 0x0000000002874490 code [0x0000000002874660, 0x0000000002874b18]
Event: 10.635 Thread 0x000000005960d800   53       3       java.lang.StringBuilder::append (8 bytes)
Event: 10.635 Thread 0x000000005960d800 nmethod 53 0x00000000028740d0 code [0x0000000002874240, 0x00000000028743e8]
Event: 10.637 Thread 0x000000005960d800   54       3       java.lang.StringBuilder::<init> (7 bytes)
Event: 10.637 Thread 0x000000005960d800 nmethod 54 0x0000000002873b90 code [0x0000000002873d00, 0x0000000002873fb0]

GC Heap History (0 events):
No events

Deoptimization events (0 events):
No events

Internal exceptions (2 events):
Event: 0.026 Thread 0x00000000023fd000 Exception <a 'java/lang/NoSuchMethodError': Method sun.misc.Unsafe.defineClass(Ljava/lang/String;[BII)Ljava/lang/Class; name or signature does not match> (0x00000000d5d07cc0) thrown at [D:\re\workspace\8-2-build-windows-amd64-cygwin\jdk8u77\6540\hotspot\srqG¢¦ÿš?
Event: 0.026 Thread 0x00000000023fd000 Exception <a 'java/lang/NoSuchMethodError': Method sun.misc.Unsafe.prefetchRead(Ljava/lang/Object;J)V name or signature does not match> (0x00000000d5d07fa8) thrown at [D:\re\workspace\8-2-build-windows-amd64-cygwin\jdk8u77\6540\hotspot\src\share\vm\prims\jcom\fasterxml\jaØÇ;

Events (10 events):
Event: 11.039 Executing VM operation: GetOrSetLocal
Event: 11.039 Executing VM operation: GetOrSetLocal done
Event: 11.039 Executing VM operation: GetOrSetLocal
Event: 11.039 Executing VM operation: GetOrSetLocal done
Event: 11.039 Executing VM operation: GetOrSetLocal
Event: 11.039 Executing VM operation: GetOrSetLocal done
Event: 11.039 Executing VM operation: GetOrSetLocal
Event: 11.039 Executing VM operation: GetOrSetLocal done
Event: 11.039 Executing VM operation: GetOrSetLocal
Event: 11.040 Executing VM operation: GetOrSetLocal done


Dynamic libraries:
0x000000013f0e0000 - 0x000000013f117000 	C:\Program Files\Java\jdk1.8.0_77\bin\java.exe
0x0000000077c30000 - 0x0000000077dda000 	C:\Windows\SYSTEM32\ntdll.dll
0x0000000077a10000 - 0x0000000077b2f000 	C:\Windows\system32\kernel32.dll
0x000007fefdd30000 - 0x000007fefdd9a000 	C:\Windows\system32\KERNELBASE.dll
0x000007fefee20000 - 0x000007fefeefb000 	C:\Windows\system32\ADVAPI32.dll
0x000007fefe740000 - 0x000007fefe7df000 	C:\Windows\system32\msvcrt.dll
0x000007fefe5b0000 - 0x000007fefe5cf000 	C:\Windows\SYSTEM32\sechost.dll
0x000007feffd30000 - 0x000007feffe5d000 	C:\Windows\system32\RPCRT4.dll
0x0000000077b30000 - 0x0000000077c2a000 	C:\Windows\system32\USER32.dll
0x000007fefe860000 - 0x000007fefe8c7000 	C:\Windows\system32\GDI32.dll
0x000007fefe730000 - 0x000007fefe73e000 	C:\Windows\system32\LPK.dll
0x000007fefe020000 - 0x000007fefe0ea000 	C:\Windows\system32\USP10.dll
0x000007fefc130000 - 0x000007fefc324000 	C:\Windows\WinSxS\amd64_microsoft.windows.common-controls_6595b64144ccf1df_6.0.7601.17514_none_fa396087175ac9ac\COMCTL32.dll
0x000007feffcb0000 - 0x000007feffd21000 	C:\Windows\system32\SHLWAPI.dll
0x000007fefeae0000 - 0x000007fefeb0e000 	C:\Windows\system32\IMM32.DLL
0x000007fefe970000 - 0x000007fefea79000 	C:\Windows\system32\MSCTF.dll
0x0000000064c40000 - 0x0000000064d12000 	C:\Program Files\Java\jdk1.8.0_77\jre\bin\msvcr100.dll
0x000000006f7f0000 - 0x0000000070080000 	C:\Program Files\Java\jdk1.8.0_77\jre\bin\server\jvm.dll
0x000007fef28c0000 - 0x000007fef28c9000 	C:\Windows\system32\WSOCK32.dll
0x000007fefedd0000 - 0x000007fefee1d000 	C:\Windows\system32\WS2_32.dll
0x000007fefeb10000 - 0x000007fefeb18000 	C:\Windows\system32\NSI.dll
0x000007fefb990000 - 0x000007fefb9cb000 	C:\Windows\system32\WINMM.dll
0x000007fefc910000 - 0x000007fefc91c000 	C:\Windows\system32\VERSION.dll
0x0000000077df0000 - 0x0000000077df7000 	C:\Windows\system32\PSAPI.DLL
0x0000000071fa0000 - 0x0000000071faf000 	C:\Program Files\Java\jdk1.8.0_77\jre\bin\verify.dll
0x0000000071f70000 - 0x0000000071f99000 	C:\Program Files\Java\jdk1.8.0_77\jre\bin\java.dll
0x0000000066cd0000 - 0x0000000066d05000 	C:\Program Files\Java\jdk1.8.0_77\jre\bin\jdwp.dll
0x00000000699c0000 - 0x00000000699c8000 	C:\Program Files\Java\jdk1.8.0_77\jre\bin\npt.dll
0x0000000066d20000 - 0x0000000066d43000 	C:\Program Files\Java\jdk1.8.0_77\jre\bin\instrument.dll
0x0000000071ee0000 - 0x0000000071ef6000 	C:\Program Files\Java\jdk1.8.0_77\jre\bin\zip.dll
0x000007fefef00000 - 0x000007feffc88000 	C:\Windows\system32\SHELL32.dll
0x000007fefde10000 - 0x000007fefe013000 	C:\Windows\system32\ole32.dll
0x000007fefd9e0000 - 0x000007fefd9ef000 	C:\Windows\system32\profapi.dll
0x0000000074660000 - 0x0000000074669000 	C:\Program Files\Java\jdk1.8.0_77\jre\bin\dt_socket.dll
0x000007fefd1e0000 - 0x000007fefd235000 	C:\Windows\system32\mswsock.dll
0x000007fefca10000 - 0x000007fefca17000 	C:\Windows\System32\wshtcpip.dll
0x000007fee8b70000 - 0x000007fee8c95000 	C:\Windows\system32\dbghelp.dll

VM Arguments:
jvm_args: -agentlib:jdwp=transport=dt_socket,address=127.0.0.1:55596,suspend=y,server=n -javaagent:C:\Users\Lijunjun\.IdeaIC2018.1\system\captureAgent\debugger-agent.jar=file:/C:/Users/Lijunjun/AppData/Local/Temp/capture.props -Dfile.encoding=UTF-8 
java_command: pingpong.CASApp
java_class_path (initial): C:\Program Files\Java\jdk1.8.0_77\jre\lib\charsets.jar;C:\Program Files\Java\jdk1.8.0_77\jre\lib\deploy.jar;C:\Program Files\Java\jdk1.8.0_77\jre\lib\ext\access-bridge-64.jar;C:\Program Files\Java\jdk1.8.0_77\jre\lib\ext\cldrdata.jar;C:\Program Files\Java\jdk1.8.0_77\jre\lib\ext\dnsns.jar;C:\Program Files\Java\jdk1.8.0_77\jre\lib\ext\jaccess.jar;C:\Program Files\Java\jdk1.8.0_77\jre\lib\ext\jfxrt.jar;C:\Program Files\Java\jdk1.8.0_77\jre\lib\ext\localedata.jar;C:\Program Files\Java\jdk1.8.0_77\jre\lib\ext\nashorn.jar;C:\Program Files\Java\jdk1.8.0_77\jre\lib\ext\sunec.jar;C:\Program Files\Java\jdk1.8.0_77\jre\lib\ext\sunjce_provider.jar;C:\Program Files\Java\jdk1.8.0_77\jre\lib\ext\sunmscapi.jar;C:\Program Files\Java\jdk1.8.0_77\jre\lib\ext\sunpkcs11.jar;C:\Program Files\Java\jdk1.8.0_77\jre\lib\ext\zipfs.jar;C:\Program Files\Java\jdk1.8.0_77\jre\lib\javaws.jar;C:\Program Files\Java\jdk1.8.0_77\jre\lib\jce.jar;C:\Program Files\Java\jdk1.8.0_77\jre\lib\jfr.jar;C:\Program Files\Java\jdk1.8.0_77\jre\lib\jfxswt.jar;C:\Program Files\Java\jdk1.8.0_77\jre\lib\jsse.jar;C:\Program Files\Java\jdk1.8.0_77\jre\lib\management-agent.jar;C:\Program Files\Java\jdk1.8.0_77\jre\lib\plugin.jar;C:\Program Files\Java\jdk1.8.0_77\jre\lib\resources.jar;C:\Program Files\Java\jdk1.8.0_77\jre\lib\rt.jar;E:\workspace\Z_JONEX\target\test-classes;E:\workspace\Z_JONEX\target\classes;C:\Program Files\Java\jdk1.8.0_77\lib\tools.jar;E:\mvnRepository\org\apache\solr\solr-core\6.2.1\solr-core-6.2.1.jar;E:\mvnRepository\org\apache\lucene\lucene-analyzers-common\6.2.1\lucene-analyzers-common-6.2.1.jar;E:\mvnRepository\org\apache\lucene\lucene-analyzers-kuromoji\6.2.1\lucene-analyzers-kuromoji-6.2.1.jar;E:\mvnRepository\org\apache\lucene\lucene-analyzers-phonetic\6.2.1\lucene-analyzers-phonetic-6.2.1.jar;E:\mvnRepository\org\apache\lucene\lucene-backward-codecs\6.2.1\lucene-backward-codecs-6.2.1.jar;E:\mvnRepository\org\apache\lucene\lucene-classification\6.2.1\lucene-classi
Launcher Type: SUN_STANDARD

Environment Variables:
JAVA_HOME=C:\Program Files\Java\jdk1.8.0_77
PATH=C:\ProgramData\Oracle\Java\javapath;C:\Program Files (x86)\Intel\iCLS Client\;C:\Program Files\Intel\iCLS Client\;C:\Windows\system32;C:\Windows;C:\Windows\System32\Wbem;C:\Windows\System32\WindowsPowerShell\v1.0\;C:\Program Files (x86)\Intel\UCRT\;C:\Program Files\Intel\UCRT\;C:\Program Files (x86)\Intel\Intel(R) Management Engine Components\DAL;C:\Program Files\Intel\Intel(R) Management Engine Components\DAL;C:\Program Files (x86)\Intel\Intel(R) Management Engine Components\IPT;C:\Program Files\Intel\Intel(R) Management Engine Components\IPT;C:\Program Files (x86)\NVIDIA Corporation\PhysX\Common;D:\Program Files\TortoiseSVN\bin;D:\Program Files\Git\cmd;D:\Program Files\Git\mingw64\bin;D:\Program Files\Git\usr\bin;C:\Program Files\Java\jdk1.8.0_77\bin;E:\ide\apache-maven-3.3.9\bin
USERNAME=lijunjun
OS=Windows_NT
PROCESSOR_IDENTIFIER=Intel64 Family 6 Model 94 Stepping 3, GenuineIntel



---------------  S Y S T E M  ---------------

OS: Windows 7 , 64 bit Build 7601 (6.1.7601.23677)

CPU:total 4 (4 cores per cpu, 1 threads per core) family 6 model 94 stepping 3, cmov, cx8, fxsr, mmx, sse, sse2, sse3, ssse3, sse4.1, sse4.2, popcnt, avx, avx2, aes, clmul, erms, rtm, 3dnowpref, lzcnt, tsc, tscinvbit, bmi1, bmi2, adx

Memory: 4k page, physical 8293832k(1527976k free), swap 19593636k(4974792k free)

vm_info: Java HotSpot(TM) 64-Bit Server VM (25.77-b03) for windows-amd64 JRE (1.8.0_77-b03), built on Mar 20 2016 22:01:33 by "java_re" with MS VC++ 10.0 (VS2010)

time: Thu Jun 07 08:59:50 2018
elapsed time: 11 seconds (0d 0h 0m 11s)

