#
# A fatal error has been detected by the Java Runtime Environment:
#
#  EXCEPTION_ACCESS_VIOLATION (0xc0000005) at pc=0x00000000028409c1, pid=11828, tid=14636
#
# JRE version: Java(TM) SE Runtime Environment (8.0_77-b03) (build 1.8.0_77-b03)
# Java VM: Java HotSpot(TM) 64-Bit Server VM (25.77-b03 mixed mode windows-amd64 compressed oops)
# Problematic frame:
# v  ~StubRoutines::atomic_cmpxchg_long
#
# Failed to write core dump. Minidumps are not enabled by default on client versions of Windows
#
# If you would like to submit a bug report, please visit:
#   http://bugreport.java.com/bugreport/crash.jsp
#

---------------  T H R E A D  ---------------

Current thread (0x000000005913c000):  JavaThread "Thread-1" [_thread_in_vm, id=14636, stack(0x000000005a3b0000,0x000000005a4b0000)]

siginfo: ExceptionCode=0xc0000005, writing address 0x0000000000000078

Registers:
RAX=0x00000000000f423f, RBX=0x00000000000f423f, RCX=0x00000000000f423e, RDX=0x0000000000000078
RSP=0x000000005a4af208, RBP=0x0000000000000078, RSI=0x0000000000000000, RDI=0x000000005913c000
R8 =0x00000000000f423f, R9 =0x0000000000000078, R10=0x0000000002855de8, R11=0x000000006fa196f0
R12=0x0000000000000000, R13=0x0000000056c2f090, R14=0x000000005a4af340, R15=0x000000005913c000
RIP=0x00000000028409c1, EFLAGS=0x0000000000010246

Top of Stack: (sp=0x000000005a4af208)
0x000000005a4af208:   000000006f9d4009 0000000056fb4028
0x000000005a4af218:   000000005913c000 0000000058f86578
0x000000005a4af228:   0000000056fb4525 00000000ffffffff
0x000000005a4af238:   0000000002855e14 0000000056c2f090
0x000000005a4af248:   000000005a4af2e8 000000005913c000
0x000000005a4af258:   0000000056c2f090 00000000000f423f
0x000000005a4af268:   00000000000f423e 0000000000000007
0x000000005a4af278:   0000000056fb45d0 000000005913c000
0x000000005a4af288:   0000000016c10c30 0000000016c10c30
0x000000005a4af298:   000000005913c000 000000005a4af3a8
0x000000005a4af2a8:   000000005a4af2a8 0000000000000000
0x000000005a4af2b8:   000000005a4af340 0000000056c5af98
0x000000005a4af2c8:   0000000000000000 0000000056c2f090
0x000000005a4af2d8:   0000000000000000 000000005a4af308
0x000000005a4af2e8:   000000005a4af388 00000000028474a0
0x000000005a4af2f8:   0000000000000000 000000000284f940 

Instructions: (pc=0x00000000028409c1)
0x00000000028409a1:   c6 01 00 00 e9 30 ff ff ff 8b c1 87 02 c3 48 8b
0x00000000028409b1:   c1 48 87 02 c3 41 8b c0 f0 0f b1 0a c3 49 8b c0
0x00000000028409c1:   f0 48 0f b1 0a c3 8b c1 f0 0f c1 0a 03 c1 c3 48
0x00000000028409d1:   8b c1 f0 48 0f c1 0a 48 03 c1 c3 f0 83 04 24 00 


Register to memory mapping:

RAX=0x00000000000f423f is an unknown value
RBX=0x00000000000f423f is an unknown value
RCX=0x00000000000f423e is an unknown value
RDX=0x0000000000000078 is an unknown value
RSP=0x000000005a4af208 is pointing into the stack for thread: 0x000000005913c000
RBP=0x0000000000000078 is an unknown value
RSI=0x0000000000000000 is an unknown value
RDI=0x000000005913c000 is a thread
R8 =0x00000000000f423f is an unknown value
R9 =0x0000000000000078 is an unknown value
R10=0x0000000002855de8 is at code_begin+840 in an Interpreter codelet
method entry point (kind = native)  [0x0000000002855aa0, 0x0000000002856400]  2400 bytes
R11=0x000000006fa196f0 is an unknown value
R12=0x0000000000000000 is an unknown value
R13={method} {0x0000000056c2f098} 'compareAndSwapLong' '(Ljava/lang/Object;JJJ)Z' in 'sun/misc/Unsafe'
R14=0x000000005a4af340 is pointing into the stack for thread: 0x000000005913c000
R15=0x000000005913c000 is a thread


Stack: [0x000000005a3b0000,0x000000005a4b0000],  sp=0x000000005a4af208,  free space=1020k
Native frames: (J=compiled Java code, j=interpreted, Vv=VM code, C=native code)
C  0x00000000028409c1

Java frames: (J=compiled Java code, j=interpreted, Vv=VM code)
j  sun.misc.Unsafe.compareAndSwapLong(Ljava/lang/Object;JJJ)Z+0
j  pingpong.CASApp$Pong.run()V+21
j  java.lang.Thread.run()V+11
v  ~StubRoutines::call_stub

---------------  P R O C E S S  ---------------

Java Threads: ( => current thread )
  0x000000000239d000 JavaThread "DestroyJavaVM" [_thread_blocked, id=7616, stack(0x00000000024c0000,0x00000000025c0000)]
=>0x000000005913c000 JavaThread "Thread-1" [_thread_in_vm, id=14636, stack(0x000000005a3b0000,0x000000005a4b0000)]
  0x000000005913b000 JavaThread "Thread-0" [_thread_in_vm, id=5320, stack(0x0000000059fe0000,0x000000005a0e0000)]
  0x0000000058fa0800 JavaThread "Service Thread" daemon [_thread_blocked, id=13776, stack(0x0000000059ea0000,0x0000000059fa0000)]
  0x0000000058f84800 JavaThread "C1 CompilerThread2" daemon [_thread_blocked, id=9280, stack(0x0000000059d10000,0x0000000059e10000)]
  0x0000000058f79800 JavaThread "C2 CompilerThread1" daemon [_thread_blocked, id=360, stack(0x0000000059b60000,0x0000000059c60000)]
  0x0000000058f79000 JavaThread "C2 CompilerThread0" daemon [_thread_blocked, id=13724, stack(0x0000000059990000,0x0000000059a90000)]
  0x0000000058feb800 JavaThread "Monitor Ctrl-Break" daemon [_thread_in_native, id=15720, stack(0x0000000059750000,0x0000000059850000)]
  0x0000000058a92800 JavaThread "Attach Listener" daemon [_thread_blocked, id=5624, stack(0x00000000585a0000,0x00000000586a0000)]
  0x00000000575af000 JavaThread "Signal Dispatcher" daemon [_thread_blocked, id=3764, stack(0x00000000587d0000,0x00000000588d0000)]
  0x0000000057593800 JavaThread "Finalizer" daemon [_thread_blocked, id=10660, stack(0x0000000058980000,0x0000000058a80000)]
  0x000000005754c800 JavaThread "Reference Handler" daemon [_thread_blocked, id=13032, stack(0x00000000586c0000,0x00000000587c0000)]

Other Threads:
  0x0000000057545000 VMThread [stack: 0x00000000584a0000,0x00000000585a0000] [id=15940]
  0x000000005911e800 WatcherThread [stack: 0x000000005a260000,0x000000005a360000] [id=6484]

VM state:not at safepoint (normal execution)

VM Mutex/Monitor currently owned by a thread: None

Heap:
 PSYoungGen      total 38400K, used 5341K [0x00000000d5d00000, 0x00000000d8780000, 0x0000000100000000)
  eden space 33280K, 16% used [0x00000000d5d00000,0x00000000d6237690,0x00000000d7d80000)
  from space 5120K, 0% used [0x00000000d8280000,0x00000000d8280000,0x00000000d8780000)
  to   space 5120K, 0% used [0x00000000d7d80000,0x00000000d7d80000,0x00000000d8280000)
 ParOldGen       total 87552K, used 0K [0x0000000081600000, 0x0000000086b80000, 0x00000000d5d00000)
  object space 87552K, 0% used [0x0000000081600000,0x0000000081600000,0x0000000086b80000)
 Metaspace       used 3341K, capacity 4564K, committed 4864K, reserved 1056768K
  class space    used 363K, capacity 388K, committed 512K, reserved 1048576K

Card table byte_map: [0x0000000011c00000,0x0000000012000000] byte_map_base: 0x00000000117f5000

Marking Bits: (ParMarkBitMap*) 0x0000000070000600
 Begin Bits: [0x0000000012860000, 0x0000000014808000)
 End Bits:   [0x0000000014808000, 0x00000000167b0000)

Polling page: 0x0000000000750000

CodeCache: size=245760Kb used=1171Kb max_used=1171Kb free=244588Kb
 bounds [0x0000000002840000, 0x0000000002ab0000, 0x0000000011840000]
 total_blobs=309 nmethods=51 adapters=171
 compilation: enabled

Compilation events (10 events):
Event: 0.186 Thread 0x0000000058f84800   49       3       java.util.HashMap::hash (20 bytes)
Event: 0.186 Thread 0x0000000058f84800 nmethod 49 0x000000000295c610 code [0x000000000295c780, 0x000000000295c9c8]
Event: 0.186 Thread 0x0000000058f84800   48       3       java.lang.String::toCharArray (25 bytes)
Event: 0.186 Thread 0x0000000058f84800 nmethod 48 0x00000000029647d0 code [0x0000000002964940, 0x0000000002964bc8]
Event: 0.186 Thread 0x0000000058f84800   50       3       java.nio.Buffer::checkIndex (22 bytes)
Event: 0.186 Thread 0x0000000058f84800 nmethod 50 0x0000000002964c90 code [0x0000000002964e00, 0x0000000002965048]
Event: 0.187 Thread 0x0000000058f84800   51       3       java.nio.DirectLongBufferU::ix (10 bytes)
Event: 0.187 Thread 0x0000000058f84800 nmethod 51 0x0000000002965110 code [0x0000000002965260, 0x00000000029653d0]
Event: 0.187 Thread 0x0000000058f84800   46       3       java.lang.String::substring (79 bytes)
Event: 0.187 Thread 0x0000000058f84800 nmethod 46 0x0000000002965450 code [0x0000000002965600, 0x0000000002965a98]

GC Heap History (0 events):
No events

Deoptimization events (0 events):
No events

Internal exceptions (2 events):
Event: 0.025 Thread 0x000000000239d000 Exception <a 'java/lang/NoSuchMethodError': Method sun.misc.Unsafe.defineClass(Ljava/lang/String;[BII)Ljava/lang/Class; name or signature does not match> (0x00000000d5d07cc0) thrown at [D:\re\workspace\8-2-build-windows-amd64-cygwin\jdk8u77\6540\hotspot\srªmß¡š?
Event: 0.025 Thread 0x000000000239d000 Exception <a 'java/lang/NoSuchMethodError': Method sun.misc.Unsafe.prefetchRead(Ljava/lang/Object;J)V name or signature does not match> (0x00000000d5d07fa8) thrown at [D:\re\workspace\8-2-build-windows-amd64-cygwin\jdk8u77\6540\hotspot\src\share\vm\prims\j

Events (10 events):
Event: 0.178 loading class sun/reflect/UnsafeQualifiedStaticFieldAccessorImpl done
Event: 0.178 loading class sun/reflect/UnsafeQualifiedStaticObjectFieldAccessorImpl done
Event: 0.178 loading class pingpong/CASApp$Ping
Event: 0.178 loading class pingpong/CASApp$Ping done
Event: 0.180 loading class pingpong/CASApp$Pong
Event: 0.180 loading class pingpong/CASApp$Pong done
Event: 0.187 Thread 0x000000005913b000 Thread added: 0x000000005913b000
Event: 0.187 Thread 0x000000005913c000 Thread added: 0x000000005913c000
Event: 0.187 Thread 0x000000000239d000 Thread exited: 0x000000000239d000
Event: 0.187 Thread 0x000000000239d000 Thread added: 0x000000000239d000


Dynamic libraries:
0x000000013f8f0000 - 0x000000013f927000 	C:\Program Files\Java\jdk1.8.0_77\bin\java.exe
0x0000000077c30000 - 0x0000000077dda000 	C:\Windows\SYSTEM32\ntdll.dll
0x0000000077a10000 - 0x0000000077b2f000 	C:\Windows\system32\kernel32.dll
0x000007fefdd30000 - 0x000007fefdd9a000 	C:\Windows\system32\KERNELBASE.dll
0x000007fefee20000 - 0x000007fefeefb000 	C:\Windows\system32\ADVAPI32.dll
0x000007fefe740000 - 0x000007fefe7df000 	C:\Windows\system32\msvcrt.dll
0x000007fefe5b0000 - 0x000007fefe5cf000 	C:\Windows\SYSTEM32\sechost.dll
0x000007feffd30000 - 0x000007feffe5d000 	C:\Windows\system32\RPCRT4.dll
0x0000000077b30000 - 0x0000000077c2a000 	C:\Windows\system32\USER32.dll
0x000007fefe860000 - 0x000007fefe8c7000 	C:\Windows\system32\GDI32.dll
0x000007fefe730000 - 0x000007fefe73e000 	C:\Windows\system32\LPK.dll
0x000007fefe020000 - 0x000007fefe0ea000 	C:\Windows\system32\USP10.dll
0x000007fefc130000 - 0x000007fefc324000 	C:\Windows\WinSxS\amd64_microsoft.windows.common-controls_6595b64144ccf1df_6.0.7601.17514_none_fa396087175ac9ac\COMCTL32.dll
0x000007feffcb0000 - 0x000007feffd21000 	C:\Windows\system32\SHLWAPI.dll
0x000007fefeae0000 - 0x000007fefeb0e000 	C:\Windows\system32\IMM32.DLL
0x000007fefe970000 - 0x000007fefea79000 	C:\Windows\system32\MSCTF.dll
0x0000000064c40000 - 0x0000000064d12000 	C:\Program Files\Java\jdk1.8.0_77\jre\bin\msvcr100.dll
0x000000006f7f0000 - 0x0000000070080000 	C:\Program Files\Java\jdk1.8.0_77\jre\bin\server\jvm.dll
0x000007fef28c0000 - 0x000007fef28c9000 	C:\Windows\system32\WSOCK32.dll
0x000007fefedd0000 - 0x000007fefee1d000 	C:\Windows\system32\WS2_32.dll
0x000007fefeb10000 - 0x000007fefeb18000 	C:\Windows\system32\NSI.dll
0x000007fefb990000 - 0x000007fefb9cb000 	C:\Windows\system32\WINMM.dll
0x000007fefc910000 - 0x000007fefc91c000 	C:\Windows\system32\VERSION.dll
0x0000000077df0000 - 0x0000000077df7000 	C:\Windows\system32\PSAPI.DLL
0x0000000071fa0000 - 0x0000000071faf000 	C:\Program Files\Java\jdk1.8.0_77\jre\bin\verify.dll
0x0000000071f70000 - 0x0000000071f99000 	C:\Program Files\Java\jdk1.8.0_77\jre\bin\java.dll
0x0000000066d20000 - 0x0000000066d43000 	C:\Program Files\Java\jdk1.8.0_77\jre\bin\instrument.dll
0x0000000071ee0000 - 0x0000000071ef6000 	C:\Program Files\Java\jdk1.8.0_77\jre\bin\zip.dll
0x000007fefef00000 - 0x000007feffc88000 	C:\Windows\system32\SHELL32.dll
0x000007fefde10000 - 0x000007fefe013000 	C:\Windows\system32\ole32.dll
0x000007fefd9e0000 - 0x000007fefd9ef000 	C:\Windows\system32\profapi.dll
0x000007fefa2c0000 - 0x000007fefa2da000 	D:\Program Files\JetBrains\IntelliJ IDEA Community Edition 2018.1.1\bin\breakgen64.dll
0x0000000001c30000 - 0x0000000001c4a000 	C:\Program Files\Java\jdk1.8.0_77\jre\bin\net.dll
0x000007fefd1e0000 - 0x000007fefd235000 	C:\Windows\system32\mswsock.dll
0x000007fefd1d0000 - 0x000007fefd1d7000 	C:\Windows\System32\wship6.dll
0x000007fee8b70000 - 0x000007fee8c95000 	C:\Windows\system32\dbghelp.dll

VM Arguments:
jvm_args: -javaagent:D:\Program Files\JetBrains\IntelliJ IDEA Community Edition 2018.1.1\lib\idea_rt.jar=52443:D:\Program Files\JetBrains\IntelliJ IDEA Community Edition 2018.1.1\bin -Dfile.encoding=UTF-8 
java_command: pingpong.CASApp
java_class_path (initial): C:\Program Files\Java\jdk1.8.0_77\jre\lib\charsets.jar;C:\Program Files\Java\jdk1.8.0_77\jre\lib\deploy.jar;C:\Program Files\Java\jdk1.8.0_77\jre\lib\ext\access-bridge-64.jar;C:\Program Files\Java\jdk1.8.0_77\jre\lib\ext\cldrdata.jar;C:\Program Files\Java\jdk1.8.0_77\jre\lib\ext\dnsns.jar;C:\Program Files\Java\jdk1.8.0_77\jre\lib\ext\jaccess.jar;C:\Program Files\Java\jdk1.8.0_77\jre\lib\ext\jfxrt.jar;C:\Program Files\Java\jdk1.8.0_77\jre\lib\ext\localedata.jar;C:\Program Files\Java\jdk1.8.0_77\jre\lib\ext\nashorn.jar;C:\Program Files\Java\jdk1.8.0_77\jre\lib\ext\sunec.jar;C:\Program Files\Java\jdk1.8.0_77\jre\lib\ext\sunjce_provider.jar;C:\Program Files\Java\jdk1.8.0_77\jre\lib\ext\sunmscapi.jar;C:\Program Files\Java\jdk1.8.0_77\jre\lib\ext\sunpkcs11.jar;C:\Program Files\Java\jdk1.8.0_77\jre\lib\ext\zipfs.jar;C:\Program Files\Java\jdk1.8.0_77\jre\lib\javaws.jar;C:\Program Files\Java\jdk1.8.0_77\jre\lib\jce.jar;C:\Program Files\Java\jdk1.8.0_77\jre\lib\jfr.jar;C:\Program Files\Java\jdk1.8.0_77\jre\lib\jfxswt.jar;C:\Program Files\Java\jdk1.8.0_77\jre\lib\jsse.jar;C:\Program Files\Java\jdk1.8.0_77\jre\lib\management-agent.jar;C:\Program Files\Java\jdk1.8.0_77\jre\lib\plugin.jar;C:\Program Files\Java\jdk1.8.0_77\jre\lib\resources.jar;C:\Program Files\Java\jdk1.8.0_77\jre\lib\rt.jar;E:\workspace\Z_JONEX\target\test-classes;E:\workspace\Z_JONEX\target\classes;C:\Program Files\Java\jdk1.8.0_77\lib\tools.jar;E:\mvnRepository\org\apache\solr\solr-core\6.2.1\solr-core-6.2.1.jar;E:\mvnRepository\org\apache\lucene\lucene-analyzers-common\6.2.1\lucene-analyzers-common-6.2.1.jar;E:\mvnRepository\org\apache\lucene\lucene-analyzers-kuromoji\6.2.1\lucene-analyzers-kuromoji-6.2.1.jar;E:\mvnRepository\org\apache\lucene\lucene-analyzers-phonetic\6.2.1\lucene-analyzers-phonetic-6.2.1.jar;E:\mvnRepository\org\apache\lucene\lucene-backward-codecs\6.2.1\lucene-backward-codecs-6.2.1.jar;E:\mvnRepository\org\apache\lucene\lucene-classification\6.2.1\lucene-classi
Launcher Type: SUN_STANDARD

Environment Variables:
JAVA_HOME=C:\Program Files\Java\jdk1.8.0_77
PATH=C:\ProgramData\Oracle\Java\javapath;C:\Program Files (x86)\Intel\iCLS Client\;C:\Program Files\Intel\iCLS Client\;C:\Windows\system32;C:\Windows;C:\Windows\System32\Wbem;C:\Windows\System32\WindowsPowerShell\v1.0\;C:\Program Files (x86)\Intel\UCRT\;C:\Program Files\Intel\UCRT\;C:\Program Files (x86)\Intel\Intel(R) Management Engine Components\DAL;C:\Program Files\Intel\Intel(R) Management Engine Components\DAL;C:\Program Files (x86)\Intel\Intel(R) Management Engine Components\IPT;C:\Program Files\Intel\Intel(R) Management Engine Components\IPT;C:\Program Files (x86)\NVIDIA Corporation\PhysX\Common;D:\Program Files\TortoiseSVN\bin;D:\Program Files\Git\cmd;D:\Program Files\Git\mingw64\bin;D:\Program Files\Git\usr\bin;C:\Program Files\Java\jdk1.8.0_77\bin;E:\ide\apache-maven-3.3.9\bin
USERNAME=lijunjun
OS=Windows_NT
PROCESSOR_IDENTIFIER=Intel64 Family 6 Model 94 Stepping 3, GenuineIntel



---------------  S Y S T E M  ---------------

OS: Windows 7 , 64 bit Build 7601 (6.1.7601.23677)

CPU:total 4 (4 cores per cpu, 1 threads per core) family 6 model 94 stepping 3, cmov, cx8, fxsr, mmx, sse, sse2, sse3, ssse3, sse4.1, sse4.2, popcnt, avx, avx2, aes, clmul, erms, rtm, 3dnowpref, lzcnt, tsc, tscinvbit, bmi1, bmi2, adx

Memory: 4k page, physical 8293832k(1592036k free), swap 19593636k(5461680k free)

vm_info: Java HotSpot(TM) 64-Bit Server VM (25.77-b03) for windows-amd64 JRE (1.8.0_77-b03), built on Mar 20 2016 22:01:33 by "java_re" with MS VC++ 10.0 (VS2010)

time: Wed Jun 06 18:18:44 2018
elapsed time: 0 seconds (0d 0h 0m 0s)

