#
# A fatal error has been detected by the Java Runtime Environment:
#
#  EXCEPTION_ACCESS_VIOLATION (0xc0000005) at pc=0x000000006f9d520f, pid=14868, tid=16000
#
# JRE version: Java(TM) SE Runtime Environment (8.0_77-b03) (build 1.8.0_77-b03)
# Java VM: Java HotSpot(TM) 64-Bit Server VM (25.77-b03 mixed mode windows-amd64 compressed oops)
# Problematic frame:
# V  [jvm.dll+0x1e520f]
#
# Failed to write core dump. Minidumps are not enabled by default on client versions of Windows
#
# If you would like to submit a bug report, please visit:
#   http://bugreport.java.com/bugreport/crash.jsp
#

---------------  T H R E A D  ---------------

Current thread (0x00000000022bd000):  JavaThread "main" [_thread_in_vm, id=16000, stack(0x0000000002690000,0x0000000002790000)]

siginfo: ExceptionCode=0xc0000005, reading address 0x0000000000000078

Registers:
RAX=0x00000000022bd000, RBX=0x00000000022bd000, RCX=0x000000000000000b, RDX=0x000000000278f0f0
RSP=0x000000000278f010, RBP=0x000000000278f0c0, RSI=0x0000000016c78200, RDI=0x0000000000000078
R8 =0x0000000000000078, R9 =0x00000000022b6ed0, R10=0x000000000299df80, R11=0x000000006fa196f0
R12=0x0000000000000000, R13=0x0000000056cef898, R14=0x000000000278f0f0, R15=0x00000000022bd000
RIP=0x000000006f9d520f, EFLAGS=0x0000000000010246

Top of Stack: (sp=0x000000000278f010)
0x000000000278f010:   000000000244eb60 00000000022bd000
0x000000000278f020:   0000000056cef898 0000000016c78200
0x000000000278f030:   0000000002987af0 000000000299dfac
0x000000000278f040:   0000000056cef898 000000000278f0c0
0x000000000278f050:   0000000016c78200 0000000056cef898
0x000000000278f060:   0000000016c78200 00000000022bd000
0x000000000278f070:   000000000278f180 000000000299d9c2
0x000000000278f080:   000000000278f080 0000000056cef898
0x000000000278f090:   000000000278f0f0 0000000056d1daa0
0x000000000278f0a0:   0000000000000000 0000000056cef898
0x000000000278f0b0:   0000000000000000 000000000278f0e0
0x000000000278f0c0:   000000000278f138 00000000029877b0
0x000000000278f0d0:   0000000000000000 00000000029942d6
0x000000000278f0e0:   0000000000000078 0000000002994a7c
0x000000000278f0f0:   00000000d5d089b8 000000000278f0f8
0x000000000278f100:   000000005707e8ed 000000000278f180 

Instructions: (pc=0x000000006f9d520f)
0x000000006f9d51ef:   a9 05 00 c7 83 70 02 00 00 06 00 00 00 8b 0d b6
0x000000006f9d51ff:   34 5c 00 ff 15 e8 f1 3e 00 c6 80 94 02 00 00 01
0x000000006f9d520f:   8b 2f c6 80 94 02 00 00 00 48 8b 7b 48 48 8b 47
0x000000006f9d521f:   10 48 8b 77 08 48 83 38 00 74 15 48 8b 57 28 48 


Register to memory mapping:

RAX=0x00000000022bd000 is a thread
RBX=0x00000000022bd000 is a thread
RCX=0x000000000000000b is an unknown value
RDX=0x000000000278f0f0 is pointing into the stack for thread: 0x00000000022bd000
RSP=0x000000000278f010 is pointing into the stack for thread: 0x00000000022bd000
RBP=0x000000000278f0c0 is pointing into the stack for thread: 0x00000000022bd000
RSI=0x0000000016c78200 is pointing into metadata
RDI=0x0000000000000078 is an unknown value
R8 =0x0000000000000078 is an unknown value
R9 =0x00000000022b6ed0 is an unknown value
R10=0x000000000299df80 is at code_begin+1632 in an Interpreter codelet
method entry point (kind = native)  [0x000000000299d920, 0x000000000299e940]  4128 bytes
R11=0x000000006fa196f0 is an unknown value
R12=0x0000000000000000 is an unknown value
R13={method} {0x0000000056cef8a0} 'getInt' '(J)I' in 'sun/misc/Unsafe'
R14=0x000000000278f0f0 is pointing into the stack for thread: 0x00000000022bd000
R15=0x00000000022bd000 is a thread


Stack: [0x0000000002690000,0x0000000002790000],  sp=0x000000000278f010,  free space=1020k
Native frames: (J=compiled Java code, j=interpreted, Vv=VM code, C=native code)
V  [jvm.dll+0x1e520f]
C  0x000000000299dfac

Java frames: (J=compiled Java code, j=interpreted, Vv=VM code)
j  sun.misc.Unsafe.getInt(J)I+0
j  pingpong.CASApp.main([Ljava/lang/String;)V+29
v  ~StubRoutines::call_stub

---------------  P R O C E S S  ---------------

Java Threads: ( => current thread )
  0x0000000059a61000 JavaThread "Service Thread" daemon [_thread_blocked, id=16092, stack(0x000000005a760000,0x000000005a860000)]
  0x0000000059a2c800 JavaThread "C1 CompilerThread2" daemon [_thread_blocked, id=17380, stack(0x000000005a5b0000,0x000000005a6b0000)]
  0x00000000599d4800 JavaThread "C2 CompilerThread1" daemon [_thread_blocked, id=15048, stack(0x000000005a390000,0x000000005a490000)]
  0x00000000599d4000 JavaThread "C2 CompilerThread0" daemon [_thread_blocked, id=13256, stack(0x000000005a1f0000,0x000000005a2f0000)]
  0x0000000058c9e000 JavaThread "JDWP Command Reader" daemon [_thread_in_native, id=8784, stack(0x0000000058670000,0x0000000058770000)]
  0x0000000058c97000 JavaThread "JDWP Event Helper Thread" daemon [_thread_blocked, id=16124, stack(0x0000000059750000,0x0000000059850000)]
  0x000000005766e800 JavaThread "JDWP Transport Listener: dt_socket" daemon [_thread_blocked, id=6228, stack(0x0000000059560000,0x0000000059660000)]
  0x0000000058c73000 JavaThread "Attach Listener" daemon [_thread_blocked, id=17084, stack(0x0000000059280000,0x0000000059380000)]
  0x000000005766a800 JavaThread "Signal Dispatcher" daemon [_thread_blocked, id=16584, stack(0x00000000590e0000,0x00000000591e0000)]
  0x000000005764e800 JavaThread "Finalizer" daemon [_thread_blocked, id=16796, stack(0x0000000058b60000,0x0000000058c60000)]
  0x0000000057607800 JavaThread "Reference Handler" daemon [_thread_blocked, id=13736, stack(0x0000000058990000,0x0000000058a90000)]
=>0x00000000022bd000 JavaThread "main" [_thread_in_vm, id=16000, stack(0x0000000002690000,0x0000000002790000)]

Other Threads:
  0x0000000057600000 VMThread [stack: 0x00000000587a0000,0x00000000588a0000] [id=8144]
  0x0000000059a46000 WatcherThread [stack: 0x000000005a8a0000,0x000000005a9a0000] [id=15116]

VM state:not at safepoint (normal execution)

VM Mutex/Monitor currently owned by a thread: None

Heap:
 PSYoungGen      total 38400K, used 5342K [0x00000000d5d00000, 0x00000000d8780000, 0x0000000100000000)
  eden space 33280K, 16% used [0x00000000d5d00000,0x00000000d6237990,0x00000000d7d80000)
  from space 5120K, 0% used [0x00000000d8280000,0x00000000d8280000,0x00000000d8780000)
  to   space 5120K, 0% used [0x00000000d7d80000,0x00000000d7d80000,0x00000000d8280000)
 ParOldGen       total 87552K, used 0K [0x0000000081600000, 0x0000000086b80000, 0x00000000d5d00000)
  object space 87552K, 0% used [0x0000000081600000,0x0000000081600000,0x0000000086b80000)
 Metaspace       used 3160K, capacity 4568K, committed 4864K, reserved 1056768K
  class space    used 337K, capacity 392K, committed 512K, reserved 1048576K

Card table byte_map: [0x0000000011d40000,0x0000000012140000] byte_map_base: 0x0000000011935000

Marking Bits: (ParMarkBitMap*) 0x0000000070000600
 Begin Bits: [0x0000000012920000, 0x00000000148c8000)
 End Bits:   [0x00000000148c8000, 0x0000000016870000)

Polling page: 0x0000000001c60000

CodeCache: size=245760Kb used=1160Kb max_used=1168Kb free=244599Kb
 bounds [0x0000000002980000, 0x0000000002bf0000, 0x0000000011980000]
 total_blobs=294 nmethods=53 adapters=162
 compilation: enabled

Compilation events (10 events):
Event: 0.447 Thread 0x00000000599d4800 nmethod 46 0x0000000002aa2d50 code [0x0000000002aa2ea0, 0x0000000002aa3078]
Event: 0.447 Thread 0x00000000599d4800   51       4       java.lang.String::hashCode (55 bytes)
Event: 0.449 Thread 0x00000000599d4800 nmethod 51 0x0000000002aa3190 code [0x0000000002aa32c0, 0x0000000002aa3438]
Event: 0.449 Thread 0x00000000599d4800   49       4       java.lang.AbstractStringBuilder::append (29 bytes)
Event: 0.449 Thread 0x00000000599d4000 nmethod 45 0x0000000002aa0e50 code [0x0000000002aa0fa0, 0x0000000002aa1518]
Event: 0.451 Thread 0x00000000599d4800 nmethod 49 0x0000000002aa0750 code [0x0000000002aa08a0, 0x0000000002aa0bd8]
Event: 0.457 Thread 0x0000000059a2c800   52       3       java.lang.ref.Reference::<init> (25 bytes)
Event: 0.458 Thread 0x0000000059a2c800 nmethod 52 0x0000000002aa02d0 code [0x0000000002aa0440, 0x0000000002aa0690]
Event: 3.089 Thread 0x0000000059a2c800   53       3       java.lang.AbstractStringBuilder::append (50 bytes)
Event: 3.090 Thread 0x0000000059a2c800 nmethod 53 0x0000000002aa24d0 code [0x0000000002aa2660, 0x0000000002aa2b68]

GC Heap History (0 events):
No events

Deoptimization events (0 events):
No events

Internal exceptions (2 events):
Event: 0.028 Thread 0x00000000022bd000 Exception <a 'java/lang/NoSuchMethodError': Method sun.misc.Unsafe.defineClass(Ljava/lang/String;[BII)Ljava/lang/Class; name or signature does not match> (0x00000000d5d07cc0) thrown at [D:\re\workspace\8-2-build-windows-amd64-cygwin\jdk8u77\6540\hotspot\srÈÀÂÙû1ù?
Event: 0.029 Thread 0x00000000022bd000 Exception <a 'java/lang/NoSuchMethodError': Method sun.misc.Unsafe.prefetchRead(Ljava/lang/Object;J)V name or signature does not match> (0x00000000d5d07fa8) thrown at [D:\re\workspace\8-2-build-windows-amd64-cygwin\jdk8u77\6540\hotspot\src\share\vm\prims\jcom\fasterxml\jaÿ«D

Events (10 events):
Event: 3.633 Executing VM operation: ForceSafepoint
Event: 3.633 Executing VM operation: ForceSafepoint done
Event: 3.635 Executing VM operation: ForceSafepoint
Event: 3.635 Executing VM operation: ForceSafepoint done
Event: 4.534 Executing VM operation: EnableBiasedLocking
Event: 4.534 Executing VM operation: EnableBiasedLocking done
Event: 116.687 Executing VM operation: ChangeBreakpoints
Event: 116.687 Executing VM operation: ChangeBreakpoints done
Event: 116.689 Executing VM operation: ChangeBreakpoints
Event: 116.689 Executing VM operation: ChangeBreakpoints done


Dynamic libraries:
0x000000013f7e0000 - 0x000000013f817000 	C:\Program Files\Java\jdk1.8.0_77\bin\java.exe
0x0000000077c30000 - 0x0000000077dda000 	C:\Windows\SYSTEM32\ntdll.dll
0x0000000077a10000 - 0x0000000077b2f000 	C:\Windows\system32\kernel32.dll
0x000007fefdd30000 - 0x000007fefdd9a000 	C:\Windows\system32\KERNELBASE.dll
0x000007fefee20000 - 0x000007fefeefb000 	C:\Windows\system32\ADVAPI32.dll
0x000007fefe740000 - 0x000007fefe7df000 	C:\Windows\system32\msvcrt.dll
0x000007fefe5b0000 - 0x000007fefe5cf000 	C:\Windows\SYSTEM32\sechost.dll
0x000007feffd30000 - 0x000007feffe5d000 	C:\Windows\system32\RPCRT4.dll
0x0000000077b30000 - 0x0000000077c2a000 	C:\Windows\system32\USER32.dll
0x000007fefe860000 - 0x000007fefe8c7000 	C:\Windows\system32\GDI32.dll
0x000007fefe730000 - 0x000007fefe73e000 	C:\Windows\system32\LPK.dll
0x000007fefe020000 - 0x000007fefe0ea000 	C:\Windows\system32\USP10.dll
0x000007fefc130000 - 0x000007fefc324000 	C:\Windows\WinSxS\amd64_microsoft.windows.common-controls_6595b64144ccf1df_6.0.7601.17514_none_fa396087175ac9ac\COMCTL32.dll
0x000007feffcb0000 - 0x000007feffd21000 	C:\Windows\system32\SHLWAPI.dll
0x000007fefeae0000 - 0x000007fefeb0e000 	C:\Windows\system32\IMM32.DLL
0x000007fefe970000 - 0x000007fefea79000 	C:\Windows\system32\MSCTF.dll
0x0000000064c40000 - 0x0000000064d12000 	C:\Program Files\Java\jdk1.8.0_77\jre\bin\msvcr100.dll
0x000000006f7f0000 - 0x0000000070080000 	C:\Program Files\Java\jdk1.8.0_77\jre\bin\server\jvm.dll
0x000007fef28c0000 - 0x000007fef28c9000 	C:\Windows\system32\WSOCK32.dll
0x000007fefedd0000 - 0x000007fefee1d000 	C:\Windows\system32\WS2_32.dll
0x000007fefeb10000 - 0x000007fefeb18000 	C:\Windows\system32\NSI.dll
0x000007fefb990000 - 0x000007fefb9cb000 	C:\Windows\system32\WINMM.dll
0x000007fefc910000 - 0x000007fefc91c000 	C:\Windows\system32\VERSION.dll
0x0000000077df0000 - 0x0000000077df7000 	C:\Windows\system32\PSAPI.DLL
0x0000000071fa0000 - 0x0000000071faf000 	C:\Program Files\Java\jdk1.8.0_77\jre\bin\verify.dll
0x0000000071f70000 - 0x0000000071f99000 	C:\Program Files\Java\jdk1.8.0_77\jre\bin\java.dll
0x0000000066cd0000 - 0x0000000066d05000 	C:\Program Files\Java\jdk1.8.0_77\jre\bin\jdwp.dll
0x00000000699c0000 - 0x00000000699c8000 	C:\Program Files\Java\jdk1.8.0_77\jre\bin\npt.dll
0x0000000066d20000 - 0x0000000066d43000 	C:\Program Files\Java\jdk1.8.0_77\jre\bin\instrument.dll
0x0000000071ee0000 - 0x0000000071ef6000 	C:\Program Files\Java\jdk1.8.0_77\jre\bin\zip.dll
0x000007fefef00000 - 0x000007feffc88000 	C:\Windows\system32\SHELL32.dll
0x000007fefde10000 - 0x000007fefe013000 	C:\Windows\system32\ole32.dll
0x000007fefd9e0000 - 0x000007fefd9ef000 	C:\Windows\system32\profapi.dll
0x0000000074660000 - 0x0000000074669000 	C:\Program Files\Java\jdk1.8.0_77\jre\bin\dt_socket.dll
0x000007fefd1e0000 - 0x000007fefd235000 	C:\Windows\system32\mswsock.dll
0x000007fefca10000 - 0x000007fefca17000 	C:\Windows\System32\wshtcpip.dll
0x000007fee8b70000 - 0x000007fee8c95000 	C:\Windows\system32\dbghelp.dll

VM Arguments:
jvm_args: -agentlib:jdwp=transport=dt_socket,address=127.0.0.1:57204,suspend=y,server=n -javaagent:C:\Users\Lijunjun\.IdeaIC2018.1\system\captureAgent\debugger-agent.jar=file:/C:/Users/Lijunjun/AppData/Local/Temp/capture.props -Dfile.encoding=UTF-8 
java_command: pingpong.CASApp
java_class_path (initial): C:\Program Files\Java\jdk1.8.0_77\jre\lib\charsets.jar;C:\Program Files\Java\jdk1.8.0_77\jre\lib\deploy.jar;C:\Program Files\Java\jdk1.8.0_77\jre\lib\ext\access-bridge-64.jar;C:\Program Files\Java\jdk1.8.0_77\jre\lib\ext\cldrdata.jar;C:\Program Files\Java\jdk1.8.0_77\jre\lib\ext\dnsns.jar;C:\Program Files\Java\jdk1.8.0_77\jre\lib\ext\jaccess.jar;C:\Program Files\Java\jdk1.8.0_77\jre\lib\ext\jfxrt.jar;C:\Program Files\Java\jdk1.8.0_77\jre\lib\ext\localedata.jar;C:\Program Files\Java\jdk1.8.0_77\jre\lib\ext\nashorn.jar;C:\Program Files\Java\jdk1.8.0_77\jre\lib\ext\sunec.jar;C:\Program Files\Java\jdk1.8.0_77\jre\lib\ext\sunjce_provider.jar;C:\Program Files\Java\jdk1.8.0_77\jre\lib\ext\sunmscapi.jar;C:\Program Files\Java\jdk1.8.0_77\jre\lib\ext\sunpkcs11.jar;C:\Program Files\Java\jdk1.8.0_77\jre\lib\ext\zipfs.jar;C:\Program Files\Java\jdk1.8.0_77\jre\lib\javaws.jar;C:\Program Files\Java\jdk1.8.0_77\jre\lib\jce.jar;C:\Program Files\Java\jdk1.8.0_77\jre\lib\jfr.jar;C:\Program Files\Java\jdk1.8.0_77\jre\lib\jfxswt.jar;C:\Program Files\Java\jdk1.8.0_77\jre\lib\jsse.jar;C:\Program Files\Java\jdk1.8.0_77\jre\lib\management-agent.jar;C:\Program Files\Java\jdk1.8.0_77\jre\lib\plugin.jar;C:\Program Files\Java\jdk1.8.0_77\jre\lib\resources.jar;C:\Program Files\Java\jdk1.8.0_77\jre\lib\rt.jar;E:\workspace\Z_JONEX\target\test-classes;E:\workspace\Z_JONEX\target\classes;C:\Program Files\Java\jdk1.8.0_77\lib\tools.jar;E:\mvnRepository\org\apache\solr\solr-core\6.2.1\solr-core-6.2.1.jar;E:\mvnRepository\org\apache\lucene\lucene-analyzers-common\6.2.1\lucene-analyzers-common-6.2.1.jar;E:\mvnRepository\org\apache\lucene\lucene-analyzers-kuromoji\6.2.1\lucene-analyzers-kuromoji-6.2.1.jar;E:\mvnRepository\org\apache\lucene\lucene-analyzers-phonetic\6.2.1\lucene-analyzers-phonetic-6.2.1.jar;E:\mvnRepository\org\apache\lucene\lucene-backward-codecs\6.2.1\lucene-backward-codecs-6.2.1.jar;E:\mvnRepository\org\apache\lucene\lucene-classification\6.2.1\lucene-classi
Launcher Type: SUN_STANDARD

Environment Variables:
JAVA_HOME=C:\Program Files\Java\jdk1.8.0_77
PATH=C:\ProgramData\Oracle\Java\javapath;C:\Program Files (x86)\Intel\iCLS Client\;C:\Program Files\Intel\iCLS Client\;C:\Windows\system32;C:\Windows;C:\Windows\System32\Wbem;C:\Windows\System32\WindowsPowerShell\v1.0\;C:\Program Files (x86)\Intel\UCRT\;C:\Program Files\Intel\UCRT\;C:\Program Files (x86)\Intel\Intel(R) Management Engine Components\DAL;C:\Program Files\Intel\Intel(R) Management Engine Components\DAL;C:\Program Files (x86)\Intel\Intel(R) Management Engine Components\IPT;C:\Program Files\Intel\Intel(R) Management Engine Components\IPT;C:\Program Files (x86)\NVIDIA Corporation\PhysX\Common;D:\Program Files\TortoiseSVN\bin;D:\Program Files\Git\cmd;D:\Program Files\Git\mingw64\bin;D:\Program Files\Git\usr\bin;C:\Program Files\Java\jdk1.8.0_77\bin;E:\ide\apache-maven-3.3.9\bin
USERNAME=lijunjun
OS=Windows_NT
PROCESSOR_IDENTIFIER=Intel64 Family 6 Model 94 Stepping 3, GenuineIntel



---------------  S Y S T E M  ---------------

OS: Windows 7 , 64 bit Build 7601 (6.1.7601.23677)

CPU:total 4 (4 cores per cpu, 1 threads per core) family 6 model 94 stepping 3, cmov, cx8, fxsr, mmx, sse, sse2, sse3, ssse3, sse4.1, sse4.2, popcnt, avx, avx2, aes, clmul, erms, rtm, 3dnowpref, lzcnt, tsc, tscinvbit, bmi1, bmi2, adx

Memory: 4k page, physical 8293832k(1405080k free), swap 19593636k(4499220k free)

vm_info: Java HotSpot(TM) 64-Bit Server VM (25.77-b03) for windows-amd64 JRE (1.8.0_77-b03), built on Mar 20 2016 22:01:33 by "java_re" with MS VC++ 10.0 (VS2010)

time: Thu Jun 07 10:57:40 2018
elapsed time: 116 seconds (0d 0h 1m 56s)

