#
# A fatal error has been detected by the Java Runtime Environment:
#
#  EXCEPTION_ACCESS_VIOLATION (0xc0000005) at pc=0x000000006f9d520f, pid=7376, tid=16980
#
# JRE version: Java(TM) SE Runtime Environment (8.0_77-b03) (build 1.8.0_77-b03)
# Java VM: Java HotSpot(TM) 64-Bit Server VM (25.77-b03 mixed mode windows-amd64 compressed oops)
# Problematic frame:
# V  [jvm.dll+0x1e520f]
#
# Failed to write core dump. Minidumps are not enabled by default on client versions of Windows
#
# If you would like to submit a bug report, please visit:
#   http://bugreport.java.com/bugreport/crash.jsp
#

---------------  T H R E A D  ---------------

Current thread (0x000000000234d000):  JavaThread "main" [_thread_in_vm, id=16980, stack(0x00000000025c0000,0x00000000026c0000)]

siginfo: ExceptionCode=0xc0000005, reading address 0x0000000000000078

Registers:
RAX=0x000000000234d000, RBX=0x000000000234d000, RCX=0x000000000000000b, RDX=0x00000000026bf818
RSP=0x00000000026bf740, RBP=0x00000000026bf7e8, RSI=0x0000000016bb8200, RDI=0x0000000000000078
R8 =0x0000000000000078, R9 =0x0000000002346ed0, R10=0x00000000027fdf80, R11=0x000000006fa196f0
R12=0x0000000000000000, R13=0x0000000056c2f898, R14=0x00000000026bf818, R15=0x000000000234d000
RIP=0x000000006f9d520f, EFLAGS=0x0000000000010246

Top of Stack: (sp=0x00000000026bf740)
0x00000000026bf740:   000000000028eb60 000000000234d000
0x00000000026bf750:   0000000056c2f898 0000000016bb8200
0x00000000026bf760:   00000000027e7880 00000000027fdfac
0x00000000026bf770:   0000000056c2f898 00000000026bf7e8
0x00000000026bf780:   0000000016bb8200 0000000056c2f898
0x00000000026bf790:   0000000016bb8200 000000000234d000
0x00000000026bf7a0:   00000000027fd9c2 00000000026bf7a8
0x00000000026bf7b0:   0000000056c2f898 00000000026bf818
0x00000000026bf7c0:   0000000056c5daa0 0000000000000000
0x00000000026bf7d0:   0000000056c2f898 0000000000000000
0x00000000026bf7e0:   00000000026bf808 00000000026bf860
0x00000000026bf7f0:   00000000027e77b0 0000000000000000
0x00000000026bf800:   00000000027f42d6 0000000000000078
0x00000000026bf810:   00000000027f4a7c 00000000d5d089b8
0x00000000026bf820:   00000000026bf820 0000000056fbe939
0x00000000026bf830:   00000000026bf8b0 0000000056fbed60 

Instructions: (pc=0x000000006f9d520f)
0x000000006f9d51ef:   a9 05 00 c7 83 70 02 00 00 06 00 00 00 8b 0d b6
0x000000006f9d51ff:   34 5c 00 ff 15 e8 f1 3e 00 c6 80 94 02 00 00 01
0x000000006f9d520f:   8b 2f c6 80 94 02 00 00 00 48 8b 7b 48 48 8b 47
0x000000006f9d521f:   10 48 8b 77 08 48 83 38 00 74 15 48 8b 57 28 48 


Register to memory mapping:

RAX=0x000000000234d000 is a thread
RBX=0x000000000234d000 is a thread
RCX=0x000000000000000b is an unknown value
RDX=0x00000000026bf818 is pointing into the stack for thread: 0x000000000234d000
RSP=0x00000000026bf740 is pointing into the stack for thread: 0x000000000234d000
RBP=0x00000000026bf7e8 is pointing into the stack for thread: 0x000000000234d000
RSI=0x0000000016bb8200 is pointing into metadata
RDI=0x0000000000000078 is an unknown value
R8 =0x0000000000000078 is an unknown value
R9 =0x0000000002346ed0 is an unknown value
R10=0x00000000027fdf80 is at code_begin+1632 in an Interpreter codelet
method entry point (kind = native)  [0x00000000027fd920, 0x00000000027fe940]  4128 bytes
R11=0x000000006fa196f0 is an unknown value
R12=0x0000000000000000 is an unknown value
R13={method} {0x0000000056c2f8a0} 'getInt' '(J)I' in 'sun/misc/Unsafe'
R14=0x00000000026bf818 is pointing into the stack for thread: 0x000000000234d000
R15=0x000000000234d000 is a thread


Stack: [0x00000000025c0000,0x00000000026c0000],  sp=0x00000000026bf740,  free space=1021k
Native frames: (J=compiled Java code, j=interpreted, Vv=VM code, C=native code)
V  [jvm.dll+0x1e520f]
C  0x00000000027fdfac

Java frames: (J=compiled Java code, j=interpreted, Vv=VM code)
j  sun.misc.Unsafe.getInt(J)I+0
j  pingpong.CASApp.main([Ljava/lang/String;)V+41
v  ~StubRoutines::call_stub

---------------  P R O C E S S  ---------------

Java Threads: ( => current thread )
  0x00000000596bf000 JavaThread "Service Thread" daemon [_thread_blocked, id=16732, stack(0x000000005a450000,0x000000005a550000)]
  0x00000000596a6000 JavaThread "C1 CompilerThread2" daemon [_thread_blocked, id=10120, stack(0x000000005a210000,0x000000005a310000)]
  0x00000000596a5000 JavaThread "C2 CompilerThread1" daemon [_thread_blocked, id=13716, stack(0x000000005a020000,0x000000005a120000)]
  0x00000000596a4800 JavaThread "C2 CompilerThread0" daemon [_thread_blocked, id=16548, stack(0x0000000059dd0000,0x0000000059ed0000)]
  0x00000000588db800 JavaThread "JDWP Command Reader" daemon [_thread_in_native, id=16836, stack(0x0000000059420000,0x0000000059520000)]
  0x00000000588d5000 JavaThread "JDWP Event Helper Thread" daemon [_thread_blocked, id=13548, stack(0x0000000058fe0000,0x00000000590e0000)]
  0x00000000588c7800 JavaThread "JDWP Transport Listener: dt_socket" daemon [_thread_blocked, id=17156, stack(0x0000000059270000,0x0000000059370000)]
  0x00000000575ac800 JavaThread "Attach Listener" daemon [_thread_blocked, id=9236, stack(0x0000000058eb0000,0x0000000058fb0000)]
  0x00000000588b2800 JavaThread "Signal Dispatcher" daemon [_thread_blocked, id=16084, stack(0x0000000058d70000,0x0000000058e70000)]
  0x000000005758e800 JavaThread "Finalizer" daemon [_thread_blocked, id=16508, stack(0x0000000058610000,0x0000000058710000)]
  0x0000000057547800 JavaThread "Reference Handler" daemon [_thread_blocked, id=16920, stack(0x00000000587a0000,0x00000000588a0000)]
=>0x000000000234d000 JavaThread "main" [_thread_in_vm, id=16980, stack(0x00000000025c0000,0x00000000026c0000)]

Other Threads:
  0x0000000057540000 VMThread [stack: 0x0000000058500000,0x0000000058600000] [id=10400]
  0x0000000059774800 WatcherThread [stack: 0x000000005a650000,0x000000005a750000] [id=16576]

VM state:not at safepoint (normal execution)

VM Mutex/Monitor currently owned by a thread: None

Heap:
 PSYoungGen      total 38400K, used 5342K [0x00000000d5d00000, 0x00000000d8780000, 0x0000000100000000)
  eden space 33280K, 16% used [0x00000000d5d00000,0x00000000d6237990,0x00000000d7d80000)
  from space 5120K, 0% used [0x00000000d8280000,0x00000000d8280000,0x00000000d8780000)
  to   space 5120K, 0% used [0x00000000d7d80000,0x00000000d7d80000,0x00000000d8280000)
 ParOldGen       total 87552K, used 0K [0x0000000081600000, 0x0000000086b80000, 0x00000000d5d00000)
  object space 87552K, 0% used [0x0000000081600000,0x0000000081600000,0x0000000086b80000)
 Metaspace       used 3163K, capacity 4568K, committed 4864K, reserved 1056768K
  class space    used 338K, capacity 392K, committed 512K, reserved 1048576K

Card table byte_map: [0x0000000011ba0000,0x0000000011fa0000] byte_map_base: 0x0000000011795000

Marking Bits: (ParMarkBitMap*) 0x0000000070000600
 Begin Bits: [0x0000000012860000, 0x0000000014808000)
 End Bits:   [0x0000000014808000, 0x00000000167b0000)

Polling page: 0x0000000000240000

CodeCache: size=245760Kb used=1165Kb max_used=1174Kb free=244594Kb
 bounds [0x00000000027e0000, 0x0000000002a50000, 0x00000000117e0000]
 total_blobs=292 nmethods=51 adapters=162
 compilation: enabled

Compilation events (10 events):
Event: 0.245 Thread 0x00000000596a5000 nmethod 42 0x0000000002900990 code [0x0000000002900ae0, 0x0000000002901078]
Event: 0.245 Thread 0x00000000596a5000   46       4       java.lang.AbstractStringBuilder::append (29 bytes)
Event: 0.245 Thread 0x00000000596a4800 nmethod 48 0x0000000002903750 code [0x0000000002903880, 0x00000000029039f8]
Event: 0.248 Thread 0x00000000596a5000 nmethod 46 0x00000000028ff450 code [0x00000000028ff5a0, 0x00000000028ff898]
Event: 0.248 Thread 0x00000000596a6000   49       3       java.lang.ref.Reference::<init> (25 bytes)
Event: 0.248 Thread 0x00000000596a6000 nmethod 49 0x0000000002902450 code [0x00000000029025c0, 0x0000000002902810]
Event: 3.179 Thread 0x00000000596a6000   50       3       java.lang.AbstractStringBuilder::append (50 bytes)
Event: 3.180 Thread 0x00000000596a6000 nmethod 50 0x0000000002901bd0 code [0x0000000002901d60, 0x0000000002902268]
Event: 6.045 Thread 0x00000000596a6000   51       3       java.lang.String::getChars (62 bytes)
Event: 6.046 Thread 0x00000000596a6000 nmethod 51 0x0000000002905fd0 code [0x00000000029061a0, 0x0000000002906658]

GC Heap History (0 events):
No events

Deoptimization events (0 events):
No events

Internal exceptions (2 events):
Event: 0.031 Thread 0x000000000234d000 Exception <a 'java/lang/NoSuchMethodError': Method sun.misc.Unsafe.defineClass(Ljava/lang/String;[BII)Ljava/lang/Class; name or signature does not match> (0x00000000d5d07cc0) thrown at [D:\re\workspace\8-2-build-windows-amd64-cygwin\jdk8u77\6540\hotspot\sr÷ YJáÍŸ?
Event: 0.031 Thread 0x000000000234d000 Exception <a 'java/lang/NoSuchMethodError': Method sun.misc.Unsafe.prefetchRead(Ljava/lang/Object;J)V name or signature does not match> (0x00000000d5d07fa8) thrown at [D:\re\workspace\8-2-build-windows-amd64-cygwin\jdk8u77\6540\hotspot\src\share\vm\prims\jcom\fasterxml\jaØÇ(

Events (10 events):
Event: 6.032 Executing VM operation: GetOrSetLocal
Event: 6.032 Executing VM operation: GetOrSetLocal done
Event: 6.046 Executing VM operation: ForceSafepoint
Event: 6.046 Executing VM operation: ForceSafepoint done
Event: 6.047 Executing VM operation: ForceSafepoint
Event: 6.047 Executing VM operation: ForceSafepoint done
Event: 85.336 Executing VM operation: ChangeBreakpoints
Event: 85.336 Executing VM operation: ChangeBreakpoints done
Event: 85.337 Executing VM operation: ChangeBreakpoints
Event: 85.337 Executing VM operation: ChangeBreakpoints done


Dynamic libraries:
0x000000013f950000 - 0x000000013f987000 	C:\Program Files\Java\jdk1.8.0_77\bin\java.exe
0x0000000077c30000 - 0x0000000077dda000 	C:\Windows\SYSTEM32\ntdll.dll
0x0000000077a10000 - 0x0000000077b2f000 	C:\Windows\system32\kernel32.dll
0x000007fefdd30000 - 0x000007fefdd9a000 	C:\Windows\system32\KERNELBASE.dll
0x000007fefee20000 - 0x000007fefeefb000 	C:\Windows\system32\ADVAPI32.dll
0x000007fefe740000 - 0x000007fefe7df000 	C:\Windows\system32\msvcrt.dll
0x000007fefe5b0000 - 0x000007fefe5cf000 	C:\Windows\SYSTEM32\sechost.dll
0x000007feffd30000 - 0x000007feffe5d000 	C:\Windows\system32\RPCRT4.dll
0x0000000077b30000 - 0x0000000077c2a000 	C:\Windows\system32\USER32.dll
0x000007fefe860000 - 0x000007fefe8c7000 	C:\Windows\system32\GDI32.dll
0x000007fefe730000 - 0x000007fefe73e000 	C:\Windows\system32\LPK.dll
0x000007fefe020000 - 0x000007fefe0ea000 	C:\Windows\system32\USP10.dll
0x000007fefc130000 - 0x000007fefc324000 	C:\Windows\WinSxS\amd64_microsoft.windows.common-controls_6595b64144ccf1df_6.0.7601.17514_none_fa396087175ac9ac\COMCTL32.dll
0x000007feffcb0000 - 0x000007feffd21000 	C:\Windows\system32\SHLWAPI.dll
0x000007fefeae0000 - 0x000007fefeb0e000 	C:\Windows\system32\IMM32.DLL
0x000007fefe970000 - 0x000007fefea79000 	C:\Windows\system32\MSCTF.dll
0x0000000064c40000 - 0x0000000064d12000 	C:\Program Files\Java\jdk1.8.0_77\jre\bin\msvcr100.dll
0x000000006f7f0000 - 0x0000000070080000 	C:\Program Files\Java\jdk1.8.0_77\jre\bin\server\jvm.dll
0x000007fef28c0000 - 0x000007fef28c9000 	C:\Windows\system32\WSOCK32.dll
0x000007fefedd0000 - 0x000007fefee1d000 	C:\Windows\system32\WS2_32.dll
0x000007fefeb10000 - 0x000007fefeb18000 	C:\Windows\system32\NSI.dll
0x000007fefb990000 - 0x000007fefb9cb000 	C:\Windows\system32\WINMM.dll
0x000007fefc910000 - 0x000007fefc91c000 	C:\Windows\system32\VERSION.dll
0x0000000077df0000 - 0x0000000077df7000 	C:\Windows\system32\PSAPI.DLL
0x0000000071fa0000 - 0x0000000071faf000 	C:\Program Files\Java\jdk1.8.0_77\jre\bin\verify.dll
0x0000000071f70000 - 0x0000000071f99000 	C:\Program Files\Java\jdk1.8.0_77\jre\bin\java.dll
0x0000000066d10000 - 0x0000000066d45000 	C:\Program Files\Java\jdk1.8.0_77\jre\bin\jdwp.dll
0x00000000699c0000 - 0x00000000699c8000 	C:\Program Files\Java\jdk1.8.0_77\jre\bin\npt.dll
0x0000000066ce0000 - 0x0000000066d03000 	C:\Program Files\Java\jdk1.8.0_77\jre\bin\instrument.dll
0x0000000071ee0000 - 0x0000000071ef6000 	C:\Program Files\Java\jdk1.8.0_77\jre\bin\zip.dll
0x000007fefef00000 - 0x000007feffc88000 	C:\Windows\system32\SHELL32.dll
0x000007fefde10000 - 0x000007fefe013000 	C:\Windows\system32\ole32.dll
0x000007fefd9e0000 - 0x000007fefd9ef000 	C:\Windows\system32\profapi.dll
0x00000000684e0000 - 0x00000000684e9000 	C:\Program Files\Java\jdk1.8.0_77\jre\bin\dt_socket.dll
0x000007fefd1e0000 - 0x000007fefd235000 	C:\Windows\system32\mswsock.dll
0x000007fefca10000 - 0x000007fefca17000 	C:\Windows\System32\wshtcpip.dll
0x000007fee8b70000 - 0x000007fee8c95000 	C:\Windows\system32\dbghelp.dll

VM Arguments:
jvm_args: -agentlib:jdwp=transport=dt_socket,address=127.0.0.1:57212,suspend=y,server=n -javaagent:C:\Users\Lijunjun\.IdeaIC2018.1\system\captureAgent\debugger-agent.jar=file:/C:/Users/Lijunjun/AppData/Local/Temp/capture.props -Dfile.encoding=UTF-8 
java_command: pingpong.CASApp
java_class_path (initial): C:\Program Files\Java\jdk1.8.0_77\jre\lib\charsets.jar;C:\Program Files\Java\jdk1.8.0_77\jre\lib\deploy.jar;C:\Program Files\Java\jdk1.8.0_77\jre\lib\ext\access-bridge-64.jar;C:\Program Files\Java\jdk1.8.0_77\jre\lib\ext\cldrdata.jar;C:\Program Files\Java\jdk1.8.0_77\jre\lib\ext\dnsns.jar;C:\Program Files\Java\jdk1.8.0_77\jre\lib\ext\jaccess.jar;C:\Program Files\Java\jdk1.8.0_77\jre\lib\ext\jfxrt.jar;C:\Program Files\Java\jdk1.8.0_77\jre\lib\ext\localedata.jar;C:\Program Files\Java\jdk1.8.0_77\jre\lib\ext\nashorn.jar;C:\Program Files\Java\jdk1.8.0_77\jre\lib\ext\sunec.jar;C:\Program Files\Java\jdk1.8.0_77\jre\lib\ext\sunjce_provider.jar;C:\Program Files\Java\jdk1.8.0_77\jre\lib\ext\sunmscapi.jar;C:\Program Files\Java\jdk1.8.0_77\jre\lib\ext\sunpkcs11.jar;C:\Program Files\Java\jdk1.8.0_77\jre\lib\ext\zipfs.jar;C:\Program Files\Java\jdk1.8.0_77\jre\lib\javaws.jar;C:\Program Files\Java\jdk1.8.0_77\jre\lib\jce.jar;C:\Program Files\Java\jdk1.8.0_77\jre\lib\jfr.jar;C:\Program Files\Java\jdk1.8.0_77\jre\lib\jfxswt.jar;C:\Program Files\Java\jdk1.8.0_77\jre\lib\jsse.jar;C:\Program Files\Java\jdk1.8.0_77\jre\lib\management-agent.jar;C:\Program Files\Java\jdk1.8.0_77\jre\lib\plugin.jar;C:\Program Files\Java\jdk1.8.0_77\jre\lib\resources.jar;C:\Program Files\Java\jdk1.8.0_77\jre\lib\rt.jar;E:\workspace\Z_JONEX\target\test-classes;E:\workspace\Z_JONEX\target\classes;C:\Program Files\Java\jdk1.8.0_77\lib\tools.jar;E:\mvnRepository\org\apache\solr\solr-core\6.2.1\solr-core-6.2.1.jar;E:\mvnRepository\org\apache\lucene\lucene-analyzers-common\6.2.1\lucene-analyzers-common-6.2.1.jar;E:\mvnRepository\org\apache\lucene\lucene-analyzers-kuromoji\6.2.1\lucene-analyzers-kuromoji-6.2.1.jar;E:\mvnRepository\org\apache\lucene\lucene-analyzers-phonetic\6.2.1\lucene-analyzers-phonetic-6.2.1.jar;E:\mvnRepository\org\apache\lucene\lucene-backward-codecs\6.2.1\lucene-backward-codecs-6.2.1.jar;E:\mvnRepository\org\apache\lucene\lucene-classification\6.2.1\lucene-classi
Launcher Type: SUN_STANDARD

Environment Variables:
JAVA_HOME=C:\Program Files\Java\jdk1.8.0_77
PATH=C:\ProgramData\Oracle\Java\javapath;C:\Program Files (x86)\Intel\iCLS Client\;C:\Program Files\Intel\iCLS Client\;C:\Windows\system32;C:\Windows;C:\Windows\System32\Wbem;C:\Windows\System32\WindowsPowerShell\v1.0\;C:\Program Files (x86)\Intel\UCRT\;C:\Program Files\Intel\UCRT\;C:\Program Files (x86)\Intel\Intel(R) Management Engine Components\DAL;C:\Program Files\Intel\Intel(R) Management Engine Components\DAL;C:\Program Files (x86)\Intel\Intel(R) Management Engine Components\IPT;C:\Program Files\Intel\Intel(R) Management Engine Components\IPT;C:\Program Files (x86)\NVIDIA Corporation\PhysX\Common;D:\Program Files\TortoiseSVN\bin;D:\Program Files\Git\cmd;D:\Program Files\Git\mingw64\bin;D:\Program Files\Git\usr\bin;C:\Program Files\Java\jdk1.8.0_77\bin;E:\ide\apache-maven-3.3.9\bin
USERNAME=lijunjun
OS=Windows_NT
PROCESSOR_IDENTIFIER=Intel64 Family 6 Model 94 Stepping 3, GenuineIntel



---------------  S Y S T E M  ---------------

OS: Windows 7 , 64 bit Build 7601 (6.1.7601.23677)

CPU:total 4 (4 cores per cpu, 1 threads per core) family 6 model 94 stepping 3, cmov, cx8, fxsr, mmx, sse, sse2, sse3, ssse3, sse4.1, sse4.2, popcnt, avx, avx2, aes, clmul, erms, rtm, 3dnowpref, lzcnt, tsc, tscinvbit, bmi1, bmi2, adx

Memory: 4k page, physical 8293832k(1397160k free), swap 19593636k(4498340k free)

vm_info: Java HotSpot(TM) 64-Bit Server VM (25.77-b03) for windows-amd64 JRE (1.8.0_77-b03), built on Mar 20 2016 22:01:33 by "java_re" with MS VC++ 10.0 (VS2010)

time: Thu Jun 07 10:59:57 2018
elapsed time: 85 seconds (0d 0h 1m 25s)

