#
# A fatal error has been detected by the Java Runtime Environment:
#
#  EXCEPTION_ACCESS_VIOLATION (0xc0000005) at pc=0x00000000027609c1, pid=13624, tid=10968
#
# JRE version: Java(TM) SE Runtime Environment (8.0_77-b03) (build 1.8.0_77-b03)
# Java VM: Java HotSpot(TM) 64-Bit Server VM (25.77-b03 mixed mode windows-amd64 compressed oops)
# Problematic frame:
# v  ~StubRoutines::atomic_cmpxchg_long
#
# Failed to write core dump. Minidumps are not enabled by default on client versions of Windows
#
# If you would like to submit a bug report, please visit:
#   http://bugreport.java.com/bugreport/crash.jsp
#

---------------  T H R E A D  ---------------

Current thread (0x00000000591d9800):  JavaThread "Thread-0" [_thread_in_vm, id=10968, stack(0x0000000059ed0000,0x0000000059fd0000)]

siginfo: ExceptionCode=0xc0000005, writing address 0x0000000000000078

Registers:
RAX=0xffffffffffffffff, RBX=0xffffffffffffffff, RCX=0xfffffffffffffffe, RDX=0x0000000000000078
RSP=0x0000000059fcf0d8, RBP=0x0000000000000078, RSI=0x0000000000000000, RDI=0x00000000591d9800
R8 =0xffffffffffffffff, R9 =0x0000000000000078, R10=0x0000000002775de8, R11=0x000000006fa196f0
R12=0x0000000000000000, R13=0x0000000056bcf090, R14=0x0000000059fcf210, R15=0x00000000591d9800
RIP=0x00000000027609c1, EFLAGS=0x0000000000010246

Top of Stack: (sp=0x0000000059fcf0d8)
0x0000000059fcf0d8:   000000006f9d4009 0000000056f53330
0x0000000059fcf0e8:   00000000591d9800 00000000590a1038
0x0000000059fcf0f8:   0000000056f53812 00000000ffffffff
0x0000000059fcf108:   0000000002775e14 0000000056bcf090
0x0000000059fcf118:   0000000059fcf1b8 00000000591d9800
0x0000000059fcf128:   0000000056bcf090 ffffffffffffffff
0x0000000059fcf138:   fffffffffffffffe 0000000000000007
0x0000000059fcf148:   0000000056f538c0 00000000591d9800
0x0000000059fcf158:   0000000016bb0a18 0000000016bb0a18
0x0000000059fcf168:   00000000591d9800 0000000059fcf278
0x0000000059fcf178:   0000000059fcf178 0000000000000000
0x0000000059fcf188:   0000000059fcf210 0000000056bfaf98
0x0000000059fcf198:   0000000000000000 0000000056bcf090
0x0000000059fcf1a8:   0000000000000000 0000000059fcf1d8
0x0000000059fcf1b8:   0000000059fcf258 00000000027674a0
0x0000000059fcf1c8:   0000000000000000 000000000276f940 

Instructions: (pc=0x00000000027609c1)
0x00000000027609a1:   c6 01 00 00 e9 30 ff ff ff 8b c1 87 02 c3 48 8b
0x00000000027609b1:   c1 48 87 02 c3 41 8b c0 f0 0f b1 0a c3 49 8b c0
0x00000000027609c1:   f0 48 0f b1 0a c3 8b c1 f0 0f c1 0a 03 c1 c3 48
0x00000000027609d1:   8b c1 f0 48 0f c1 0a 48 03 c1 c3 f0 83 04 24 00 


Register to memory mapping:

RAX=0xffffffffffffffff is an unknown value
RBX=0xffffffffffffffff is an unknown value
RCX=0xfffffffffffffffe is an unknown value
RDX=0x0000000000000078 is an unknown value
RSP=0x0000000059fcf0d8 is pointing into the stack for thread: 0x00000000591d9800
RBP=0x0000000000000078 is an unknown value
RSI=0x0000000000000000 is an unknown value
RDI=0x00000000591d9800 is a thread
R8 =0xffffffffffffffff is an unknown value
R9 =0x0000000000000078 is an unknown value
R10=0x0000000002775de8 is at code_begin+840 in an Interpreter codelet
method entry point (kind = native)  [0x0000000002775aa0, 0x0000000002776400]  2400 bytes
R11=0x000000006fa196f0 is an unknown value
R12=0x0000000000000000 is an unknown value
R13={method} {0x0000000056bcf098} 'compareAndSwapLong' '(Ljava/lang/Object;JJJ)Z' in 'sun/misc/Unsafe'
R14=0x0000000059fcf210 is pointing into the stack for thread: 0x00000000591d9800
R15=0x00000000591d9800 is a thread


Stack: [0x0000000059ed0000,0x0000000059fd0000],  sp=0x0000000059fcf0d8,  free space=1020k
Native frames: (J=compiled Java code, j=interpreted, Vv=VM code, C=native code)
C  0x00000000027609c1

Java frames: (J=compiled Java code, j=interpreted, Vv=VM code)
j  sun.misc.Unsafe.compareAndSwapLong(Ljava/lang/Object;JJJ)Z+0
j  pingpong.CASApp$Ping.run()V+18
j  java.lang.Thread.run()V+11
v  ~StubRoutines::call_stub

---------------  P R O C E S S  ---------------

Java Threads: ( => current thread )
  0x00000000023ed000 JavaThread "DestroyJavaVM" [_thread_blocked, id=15912, stack(0x00000000024f0000,0x00000000025f0000)]
  0x00000000591c1000 JavaThread "Thread-1" [_thread_in_vm, id=15104, stack(0x000000005a1e0000,0x000000005a2e0000)]
=>0x00000000591d9800 JavaThread "Thread-0" [_thread_in_vm, id=10968, stack(0x0000000059ed0000,0x0000000059fd0000)]
  0x000000005911d800 JavaThread "Service Thread" daemon [_thread_blocked, id=14916, stack(0x0000000059dd0000,0x0000000059ed0000)]
  0x000000005909c800 JavaThread "C1 CompilerThread2" daemon [_thread_blocked, id=13708, stack(0x0000000059c10000,0x0000000059d10000)]
  0x000000005908f800 JavaThread "C2 CompilerThread1" daemon [_thread_blocked, id=2036, stack(0x0000000058d30000,0x0000000058e30000)]
  0x000000005908f000 JavaThread "C2 CompilerThread0" daemon [_thread_blocked, id=13680, stack(0x0000000059a40000,0x0000000059b40000)]
  0x000000005908d000 JavaThread "Monitor Ctrl-Break" daemon [_thread_in_native, id=14424, stack(0x00000000597c0000,0x00000000598c0000)]
  0x0000000058822800 JavaThread "Attach Listener" daemon [_thread_blocked, id=9136, stack(0x0000000058e50000,0x0000000058f50000)]
  0x000000005754a000 JavaThread "Signal Dispatcher" daemon [_thread_blocked, id=5428, stack(0x0000000058c30000,0x0000000058d30000)]
  0x000000005752e800 JavaThread "Finalizer" daemon [_thread_blocked, id=10224, stack(0x0000000058550000,0x0000000058650000)]
  0x00000000574e7000 JavaThread "Reference Handler" daemon [_thread_blocked, id=7736, stack(0x0000000058710000,0x0000000058810000)]

Other Threads:
  0x00000000574df800 VMThread [stack: 0x0000000058430000,0x0000000058530000] [id=6432]
  0x0000000059190000 WatcherThread [stack: 0x000000005a0d0000,0x000000005a1d0000] [id=9104]

VM state:not at safepoint (normal execution)

VM Mutex/Monitor currently owned by a thread: None

Heap:
 PSYoungGen      total 38400K, used 5341K [0x00000000d5d00000, 0x00000000d8780000, 0x0000000100000000)
  eden space 33280K, 16% used [0x00000000d5d00000,0x00000000d6237690,0x00000000d7d80000)
  from space 5120K, 0% used [0x00000000d8280000,0x00000000d8280000,0x00000000d8780000)
  to   space 5120K, 0% used [0x00000000d7d80000,0x00000000d7d80000,0x00000000d8280000)
 ParOldGen       total 87552K, used 0K [0x0000000081600000, 0x0000000086b80000, 0x00000000d5d00000)
  object space 87552K, 0% used [0x0000000081600000,0x0000000081600000,0x0000000086b80000)
 Metaspace       used 3326K, capacity 4564K, committed 4864K, reserved 1056768K
  class space    used 363K, capacity 388K, committed 512K, reserved 1048576K

Card table byte_map: [0x0000000011b20000,0x0000000011f20000] byte_map_base: 0x0000000011715000

Marking Bits: (ParMarkBitMap*) 0x0000000070000600
 Begin Bits: [0x0000000012800000, 0x00000000147a8000)
 End Bits:   [0x00000000147a8000, 0x0000000016750000)

Polling page: 0x0000000000330000

CodeCache: size=245760Kb used=1143Kb max_used=1152Kb free=244616Kb
 bounds [0x0000000002760000, 0x00000000029d0000, 0x0000000011760000]
 total_blobs=304 nmethods=47 adapters=171
 compilation: enabled

Compilation events (10 events):
Event: 0.192 Thread 0x000000005909c800 nmethod 41 0x000000000287c650 code [0x000000000287c7c0, 0x000000000287cae8]
Event: 0.192 Thread 0x000000005909c800   47       3       java.util.HashMap::hash (20 bytes)
Event: 0.193 Thread 0x000000005909c800 nmethod 47 0x0000000002876850 code [0x00000000028769c0, 0x0000000002876c08]
Event: 0.193 Thread 0x000000005909c800   46       3       java.lang.String::toCharArray (25 bytes)
Event: 0.193 Thread 0x000000005909c800 nmethod 46 0x000000000287fd50 code [0x000000000287fec0, 0x0000000002880148]
Event: 0.193 Thread 0x000000005909c800   45       3       java.lang.String::substring (79 bytes)
Event: 0.193 Thread 0x000000005908f800 nmethod 34 0x0000000002880210 code [0x0000000002880360, 0x00000000028808b8]
Event: 0.193 Thread 0x000000005909c800 nmethod 45 0x000000000287f4d0 code [0x000000000287f680, 0x000000000287fb18]
Event: 0.193 Thread 0x000000005909c800   36       3       java.util.concurrent.ConcurrentHashMap::tabAt (21 bytes)
Event: 0.193 Thread 0x000000005909c800 nmethod 36 0x000000000287f0d0 code [0x000000000287f220, 0x000000000287f450]

GC Heap History (0 events):
No events

Deoptimization events (0 events):
No events

Internal exceptions (2 events):
Event: 0.031 Thread 0x00000000023ed000 Exception <a 'java/lang/NoSuchMethodError': Method sun.misc.Unsafe.defineClass(Ljava/lang/String;[BII)Ljava/lang/Class; name or signature does not match> (0x00000000d5d07cc0) thrown at [D:\re\workspace\8-2-build-windows-amd64-cygwin\jdk8u77\6540\hotspot\sróNˆúŸ?
Event: 0.031 Thread 0x00000000023ed000 Exception <a 'java/lang/NoSuchMethodError': Method sun.misc.Unsafe.prefetchRead(Ljava/lang/Object;J)V name or signature does not match> (0x00000000d5d07fa8) thrown at [D:\re\workspace\8-2-build-windows-amd64-cygwin\jdk8u77\6540\hotspot\src\share\vm\prims\j

Events (10 events):
Event: 0.189 loading class sun/reflect/UnsafeQualifiedStaticFieldAccessorImpl done
Event: 0.189 loading class sun/reflect/UnsafeQualifiedStaticObjectFieldAccessorImpl done
Event: 0.190 loading class pingpong/CASApp$Ping
Event: 0.190 loading class pingpong/CASApp$Ping done
Event: 0.190 loading class pingpong/CASApp$Pong
Event: 0.190 loading class pingpong/CASApp$Pong done
Event: 0.193 Thread 0x00000000591d9800 Thread added: 0x00000000591d9800
Event: 0.193 Thread 0x00000000591c1000 Thread added: 0x00000000591c1000
Event: 0.193 Thread 0x00000000023ed000 Thread exited: 0x00000000023ed000
Event: 0.193 Thread 0x00000000023ed000 Thread added: 0x00000000023ed000


Dynamic libraries:
0x000000013f2c0000 - 0x000000013f2f7000 	C:\Program Files\Java\jdk1.8.0_77\bin\java.exe
0x0000000077c30000 - 0x0000000077dda000 	C:\Windows\SYSTEM32\ntdll.dll
0x0000000077a10000 - 0x0000000077b2f000 	C:\Windows\system32\kernel32.dll
0x000007fefdd30000 - 0x000007fefdd9a000 	C:\Windows\system32\KERNELBASE.dll
0x000007fefee20000 - 0x000007fefeefb000 	C:\Windows\system32\ADVAPI32.dll
0x000007fefe740000 - 0x000007fefe7df000 	C:\Windows\system32\msvcrt.dll
0x000007fefe5b0000 - 0x000007fefe5cf000 	C:\Windows\SYSTEM32\sechost.dll
0x000007feffd30000 - 0x000007feffe5d000 	C:\Windows\system32\RPCRT4.dll
0x0000000077b30000 - 0x0000000077c2a000 	C:\Windows\system32\USER32.dll
0x000007fefe860000 - 0x000007fefe8c7000 	C:\Windows\system32\GDI32.dll
0x000007fefe730000 - 0x000007fefe73e000 	C:\Windows\system32\LPK.dll
0x000007fefe020000 - 0x000007fefe0ea000 	C:\Windows\system32\USP10.dll
0x000007fefc130000 - 0x000007fefc324000 	C:\Windows\WinSxS\amd64_microsoft.windows.common-controls_6595b64144ccf1df_6.0.7601.17514_none_fa396087175ac9ac\COMCTL32.dll
0x000007feffcb0000 - 0x000007feffd21000 	C:\Windows\system32\SHLWAPI.dll
0x000007fefeae0000 - 0x000007fefeb0e000 	C:\Windows\system32\IMM32.DLL
0x000007fefe970000 - 0x000007fefea79000 	C:\Windows\system32\MSCTF.dll
0x0000000064c40000 - 0x0000000064d12000 	C:\Program Files\Java\jdk1.8.0_77\jre\bin\msvcr100.dll
0x000000006f7f0000 - 0x0000000070080000 	C:\Program Files\Java\jdk1.8.0_77\jre\bin\server\jvm.dll
0x000007fef28c0000 - 0x000007fef28c9000 	C:\Windows\system32\WSOCK32.dll
0x000007fefedd0000 - 0x000007fefee1d000 	C:\Windows\system32\WS2_32.dll
0x000007fefeb10000 - 0x000007fefeb18000 	C:\Windows\system32\NSI.dll
0x000007fefb990000 - 0x000007fefb9cb000 	C:\Windows\system32\WINMM.dll
0x000007fefc910000 - 0x000007fefc91c000 	C:\Windows\system32\VERSION.dll
0x0000000077df0000 - 0x0000000077df7000 	C:\Windows\system32\PSAPI.DLL
0x0000000071fa0000 - 0x0000000071faf000 	C:\Program Files\Java\jdk1.8.0_77\jre\bin\verify.dll
0x0000000071f70000 - 0x0000000071f99000 	C:\Program Files\Java\jdk1.8.0_77\jre\bin\java.dll
0x0000000066cf0000 - 0x0000000066d13000 	C:\Program Files\Java\jdk1.8.0_77\jre\bin\instrument.dll
0x0000000071ee0000 - 0x0000000071ef6000 	C:\Program Files\Java\jdk1.8.0_77\jre\bin\zip.dll
0x000007fefef00000 - 0x000007feffc88000 	C:\Windows\system32\SHELL32.dll
0x000007fefde10000 - 0x000007fefe013000 	C:\Windows\system32\ole32.dll
0x000007fefd9e0000 - 0x000007fefd9ef000 	C:\Windows\system32\profapi.dll
0x000007fef9fc0000 - 0x000007fef9fda000 	D:\Program Files\JetBrains\IntelliJ IDEA Community Edition 2018.1.1\bin\breakgen64.dll
0x0000000001d00000 - 0x0000000001d1a000 	C:\Program Files\Java\jdk1.8.0_77\jre\bin\net.dll
0x000007fefd1e0000 - 0x000007fefd235000 	C:\Windows\system32\mswsock.dll
0x000007fefd1d0000 - 0x000007fefd1d7000 	C:\Windows\System32\wship6.dll
0x000007fee8b70000 - 0x000007fee8c95000 	C:\Windows\system32\dbghelp.dll

VM Arguments:
jvm_args: -javaagent:D:\Program Files\JetBrains\IntelliJ IDEA Community Edition 2018.1.1\lib\idea_rt.jar=52338:D:\Program Files\JetBrains\IntelliJ IDEA Community Edition 2018.1.1\bin -Dfile.encoding=UTF-8 
java_command: pingpong.CASApp
java_class_path (initial): C:\Program Files\Java\jdk1.8.0_77\jre\lib\charsets.jar;C:\Program Files\Java\jdk1.8.0_77\jre\lib\deploy.jar;C:\Program Files\Java\jdk1.8.0_77\jre\lib\ext\access-bridge-64.jar;C:\Program Files\Java\jdk1.8.0_77\jre\lib\ext\cldrdata.jar;C:\Program Files\Java\jdk1.8.0_77\jre\lib\ext\dnsns.jar;C:\Program Files\Java\jdk1.8.0_77\jre\lib\ext\jaccess.jar;C:\Program Files\Java\jdk1.8.0_77\jre\lib\ext\jfxrt.jar;C:\Program Files\Java\jdk1.8.0_77\jre\lib\ext\localedata.jar;C:\Program Files\Java\jdk1.8.0_77\jre\lib\ext\nashorn.jar;C:\Program Files\Java\jdk1.8.0_77\jre\lib\ext\sunec.jar;C:\Program Files\Java\jdk1.8.0_77\jre\lib\ext\sunjce_provider.jar;C:\Program Files\Java\jdk1.8.0_77\jre\lib\ext\sunmscapi.jar;C:\Program Files\Java\jdk1.8.0_77\jre\lib\ext\sunpkcs11.jar;C:\Program Files\Java\jdk1.8.0_77\jre\lib\ext\zipfs.jar;C:\Program Files\Java\jdk1.8.0_77\jre\lib\javaws.jar;C:\Program Files\Java\jdk1.8.0_77\jre\lib\jce.jar;C:\Program Files\Java\jdk1.8.0_77\jre\lib\jfr.jar;C:\Program Files\Java\jdk1.8.0_77\jre\lib\jfxswt.jar;C:\Program Files\Java\jdk1.8.0_77\jre\lib\jsse.jar;C:\Program Files\Java\jdk1.8.0_77\jre\lib\management-agent.jar;C:\Program Files\Java\jdk1.8.0_77\jre\lib\plugin.jar;C:\Program Files\Java\jdk1.8.0_77\jre\lib\resources.jar;C:\Program Files\Java\jdk1.8.0_77\jre\lib\rt.jar;E:\workspace\Z_JONEX\target\test-classes;E:\workspace\Z_JONEX\target\classes;C:\Program Files\Java\jdk1.8.0_77\lib\tools.jar;E:\mvnRepository\org\apache\solr\solr-core\6.2.1\solr-core-6.2.1.jar;E:\mvnRepository\org\apache\lucene\lucene-analyzers-common\6.2.1\lucene-analyzers-common-6.2.1.jar;E:\mvnRepository\org\apache\lucene\lucene-analyzers-kuromoji\6.2.1\lucene-analyzers-kuromoji-6.2.1.jar;E:\mvnRepository\org\apache\lucene\lucene-analyzers-phonetic\6.2.1\lucene-analyzers-phonetic-6.2.1.jar;E:\mvnRepository\org\apache\lucene\lucene-backward-codecs\6.2.1\lucene-backward-codecs-6.2.1.jar;E:\mvnRepository\org\apache\lucene\lucene-classification\6.2.1\lucene-classi
Launcher Type: SUN_STANDARD

Environment Variables:
JAVA_HOME=C:\Program Files\Java\jdk1.8.0_77
PATH=C:\ProgramData\Oracle\Java\javapath;C:\Program Files (x86)\Intel\iCLS Client\;C:\Program Files\Intel\iCLS Client\;C:\Windows\system32;C:\Windows;C:\Windows\System32\Wbem;C:\Windows\System32\WindowsPowerShell\v1.0\;C:\Program Files (x86)\Intel\UCRT\;C:\Program Files\Intel\UCRT\;C:\Program Files (x86)\Intel\Intel(R) Management Engine Components\DAL;C:\Program Files\Intel\Intel(R) Management Engine Components\DAL;C:\Program Files (x86)\Intel\Intel(R) Management Engine Components\IPT;C:\Program Files\Intel\Intel(R) Management Engine Components\IPT;C:\Program Files (x86)\NVIDIA Corporation\PhysX\Common;D:\Program Files\TortoiseSVN\bin;D:\Program Files\Git\cmd;D:\Program Files\Git\mingw64\bin;D:\Program Files\Git\usr\bin;C:\Program Files\Java\jdk1.8.0_77\bin;E:\ide\apache-maven-3.3.9\bin
USERNAME=lijunjun
OS=Windows_NT
PROCESSOR_IDENTIFIER=Intel64 Family 6 Model 94 Stepping 3, GenuineIntel



---------------  S Y S T E M  ---------------

OS: Windows 7 , 64 bit Build 7601 (6.1.7601.23677)

CPU:total 4 (4 cores per cpu, 1 threads per core) family 6 model 94 stepping 3, cmov, cx8, fxsr, mmx, sse, sse2, sse3, ssse3, sse4.1, sse4.2, popcnt, avx, avx2, aes, clmul, erms, rtm, 3dnowpref, lzcnt, tsc, tscinvbit, bmi1, bmi2, adx

Memory: 4k page, physical 8293832k(1191288k free), swap 19593636k(5465856k free)

vm_info: Java HotSpot(TM) 64-Bit Server VM (25.77-b03) for windows-amd64 JRE (1.8.0_77-b03), built on Mar 20 2016 22:01:33 by "java_re" with MS VC++ 10.0 (VS2010)

time: Wed Jun 06 18:12:11 2018
elapsed time: 0 seconds (0d 0h 0m 0s)

