#
# A fatal error has been detected by the Java Runtime Environment:
#
#  EXCEPTION_ACCESS_VIOLATION (0xc0000005) at pc=0x000000006f9cfbf9, pid=15684, tid=3916
#
# JRE version: Java(TM) SE Runtime Environment (8.0_77-b03) (build 1.8.0_77-b03)
# Java VM: Java HotSpot(TM) 64-Bit Server VM (25.77-b03 mixed mode windows-amd64 compressed oops)
# Problematic frame:
# V  [jvm.dll+0x1dfbf9]
#
# Failed to write core dump. Minidumps are not enabled by default on client versions of Windows
#
# If you would like to submit a bug report, please visit:
#   http://bugreport.java.com/bugreport/crash.jsp
#

---------------  T H R E A D  ---------------

Current thread (0x00000000594fd000):  JavaThread "Thread-1" [_thread_in_vm, id=3916, stack(0x000000005a2b0000,0x000000005a3b0000)]

siginfo: ExceptionCode=0xc0000005, reading address 0x0000000000000078

Registers:
RAX=0x0000000000000000, RBX=0x00000000594fd000, RCX=0x0000000000000d00, RDX=0x000000005a3af338
RSP=0x000000005a3af250, RBP=0x0000000000000078, RSI=0x0000000000000000, RDI=0x0000000000000000
R8 =0x0000000000000000, R9 =0x0000000000000078, R10=0x0000000002845de8, R11=0x000000006fa196f0
R12=0x0000000000000000, R13=0x0000000056cdf258, R14=0x000000005a3af338, R15=0x00000000594fd000
RIP=0x000000006f9cfbf9, EFLAGS=0x0000000000010246

Top of Stack: (sp=0x000000005a3af250)
0x000000005a3af250:   00000000594fd000 0000000000000068
0x000000005a3af260:   0000000000000007 0000000056cdf258
0x000000005a3af270:   0000000002837cc1 0000000002845e14
0x000000005a3af280:   0000000016cc0c30 0000000056cdf258
0x000000005a3af290:   000000005a3af300 0000000000000002
0x000000005a3af2a0:   0000000200000018 00000000594fd000
0x000000005a3af2b0:   000000005a3af3a8 0000000057064584
0x000000005a3af2c0:   000000005a3af2c0 0000000000000000
0x000000005a3af2d0:   000000005a3af338 0000000056d0af98
0x000000005a3af2e0:   0000000000000000 0000000056cdf258
0x000000005a3af2f0:   0000000000000000 000000005a3af320
0x000000005a3af300:   000000005a3af380 0000000002837710
0x000000005a3af310:   0000000000000000 000000000283f956
0x000000005a3af320:   0000000000000078 00000000d5ff65c0
0x000000005a3af330:   0000000000000000 00000000d5d089b8
0x000000005a3af340:   000000005a3af340 0000000057064584 

Instructions: (pc=0x000000006f9cfbf9)
0x000000006f9cfbd9:   00 00 00 30 74 08 48 8b cb e8 99 ff 05 00 c7 83
0x000000006f9cfbe9:   70 02 00 00 06 00 00 00 48 85 ff 74 03 48 8b 37
0x000000006f9cfbf9:   8b 04 2e 89 44 24 30 8b 6c 24 30 48 8b 7b 48 48
0x000000006f9cfc09:   8b 47 10 48 8b 77 08 48 83 38 00 74 15 48 8b 57 


Register to memory mapping:

RAX=0x0000000000000000 is an unknown value
RBX=0x00000000594fd000 is a thread
RCX=0x0000000000000d00 is an unknown value
RDX=0x000000005a3af338 is pointing into the stack for thread: 0x00000000594fd000
RSP=0x000000005a3af250 is pointing into the stack for thread: 0x00000000594fd000
RBP=0x0000000000000078 is an unknown value
RSI=0x0000000000000000 is an unknown value
RDI=0x0000000000000000 is an unknown value
R8 =0x0000000000000000 is an unknown value
R9 =0x0000000000000078 is an unknown value
R10=0x0000000002845de8 is at code_begin+840 in an Interpreter codelet
method entry point (kind = native)  [0x0000000002845aa0, 0x0000000002846400]  2400 bytes
R11=0x000000006fa196f0 is an unknown value
R12=0x0000000000000000 is an unknown value
R13={method} {0x0000000056cdf260} 'getIntVolatile' '(Ljava/lang/Object;J)I' in 'sun/misc/Unsafe'
R14=0x000000005a3af338 is pointing into the stack for thread: 0x00000000594fd000
R15=0x00000000594fd000 is a thread


Stack: [0x000000005a2b0000,0x000000005a3b0000],  sp=0x000000005a3af250,  free space=1020k
Native frames: (J=compiled Java code, j=interpreted, Vv=VM code, C=native code)
V  [jvm.dll+0x1dfbf9]
C  0x0000000002845e14

Java frames: (J=compiled Java code, j=interpreted, Vv=VM code)
j  sun.misc.Unsafe.getIntVolatile(Ljava/lang/Object;J)I+0
j  pingpong.CASApp$Pong.run()V+36
j  java.lang.Thread.run()V+11
v  ~StubRoutines::call_stub

---------------  P R O C E S S  ---------------

Java Threads: ( => current thread )
  0x000000000247d000 JavaThread "DestroyJavaVM" [_thread_blocked, id=17136, stack(0x0000000002730000,0x0000000002830000)]
=>0x00000000594fd000 JavaThread "Thread-1" [_thread_in_vm, id=3916, stack(0x000000005a2b0000,0x000000005a3b0000)]
  0x00000000594fc800 JavaThread "Thread-0" [_thread_in_vm, id=2460, stack(0x000000005a410000,0x000000005a510000)]
  0x000000005941e000 JavaThread "Service Thread" daemon [_thread_blocked, id=13640, stack(0x0000000059f80000,0x000000005a080000)]
  0x00000000593ab800 JavaThread "C1 CompilerThread2" daemon [_thread_blocked, id=16960, stack(0x0000000059e40000,0x0000000059f40000)]
  0x000000005939e800 JavaThread "C2 CompilerThread1" daemon [_thread_blocked, id=6284, stack(0x0000000059d10000,0x0000000059e10000)]
  0x000000005939d800 JavaThread "C2 CompilerThread0" daemon [_thread_blocked, id=14276, stack(0x00000000586c0000,0x00000000587c0000)]
  0x0000000059377000 JavaThread "Monitor Ctrl-Break" daemon [_thread_in_native, id=16736, stack(0x0000000059b20000,0x0000000059c20000)]
  0x0000000058ae2800 JavaThread "Attach Listener" daemon [_thread_blocked, id=16332, stack(0x0000000059150000,0x0000000059250000)]
  0x0000000057658000 JavaThread "Signal Dispatcher" daemon [_thread_blocked, id=15604, stack(0x0000000058fd0000,0x00000000590d0000)]
  0x0000000057640800 JavaThread "Finalizer" daemon [_thread_blocked, id=13876, stack(0x00000000589d0000,0x0000000058ad0000)]
  0x00000000575f7000 JavaThread "Reference Handler" daemon [_thread_blocked, id=14012, stack(0x0000000058860000,0x0000000058960000)]

Other Threads:
  0x00000000575ef800 VMThread [stack: 0x0000000058580000,0x0000000058680000] [id=17248]
  0x0000000059474800 WatcherThread [stack: 0x000000005a1a0000,0x000000005a2a0000] [id=16648]

VM state:not at safepoint (normal execution)

VM Mutex/Monitor currently owned by a thread: None

Heap:
 PSYoungGen      total 38400K, used 6672K [0x00000000d5d00000, 0x00000000d8780000, 0x0000000100000000)
  eden space 33280K, 20% used [0x00000000d5d00000,0x00000000d6384380,0x00000000d7d80000)
  from space 5120K, 0% used [0x00000000d8280000,0x00000000d8280000,0x00000000d8780000)
  to   space 5120K, 0% used [0x00000000d7d80000,0x00000000d7d80000,0x00000000d8280000)
 ParOldGen       total 87552K, used 0K [0x0000000081600000, 0x0000000086b80000, 0x00000000d5d00000)
  object space 87552K, 0% used [0x0000000081600000,0x0000000081600000,0x0000000086b80000)
 Metaspace       used 3344K, capacity 4564K, committed 4864K, reserved 1056768K
  class space    used 363K, capacity 388K, committed 512K, reserved 1048576K

Card table byte_map: [0x0000000011bf0000,0x0000000011ff0000] byte_map_base: 0x00000000117e5000

Marking Bits: (ParMarkBitMap*) 0x0000000070000600
 Begin Bits: [0x0000000012910000, 0x00000000148b8000)
 End Bits:   [0x00000000148b8000, 0x0000000016860000)

Polling page: 0x0000000000330000

CodeCache: size=245760Kb used=1173Kb max_used=1173Kb free=244586Kb
 bounds [0x0000000002830000, 0x0000000002aa0000, 0x0000000011830000]
 total_blobs=308 nmethods=51 adapters=171
 compilation: enabled

Compilation events (10 events):
Event: 0.211 Thread 0x000000005939d800 nmethod 32 0x0000000002947190 code [0x00000000029472e0, 0x00000000029475d8]
Event: 0.211 Thread 0x00000000593ab800 nmethod 39 0x0000000002949dd0 code [0x0000000002949f80, 0x000000000294a610]
Event: 0.211 Thread 0x00000000593ab800   40       3       sun.nio.cs.UTF_8$Encoder::encode (359 bytes)
Event: 0.211 Thread 0x00000000593ab800 nmethod 40 0x000000000294d090 code [0x000000000294d280, 0x000000000294dd78]
Event: 0.211 Thread 0x000000005939e800 nmethod 30 0x0000000002947f90 code [0x00000000029480e0, 0x0000000002948638]
Event: 0.211 Thread 0x00000000593ab800   41       3       java.util.Arrays::copyOf (19 bytes)
Event: 0.212 Thread 0x00000000593ab800 nmethod 41 0x0000000002949810 code [0x0000000002949980, 0x0000000002949ca8]
Event: 0.212 Thread 0x00000000593ab800   42  s    3       sun.misc.URLClassPath::getNextLoader (88 bytes)
Event: 0.212 Thread 0x00000000593ab800 nmethod 42 0x00000000029488d0 code [0x0000000002948aa0, 0x0000000002949308]
Event: 0.212 Thread 0x00000000593ab800   43  s!   3       sun.misc.URLClassPath::getLoader (197 bytes)

GC Heap History (0 events):
No events

Deoptimization events (0 events):
No events

Internal exceptions (2 events):
Event: 0.025 Thread 0x000000000247d000 Exception <a 'java/lang/NoSuchMethodError': Method sun.misc.Unsafe.defineClass(Ljava/lang/String;[BII)Ljava/lang/Class; name or signature does not match> (0x00000000d5d07cc0) thrown at [D:\re\workspace\8-2-build-windows-amd64-cygwin\jdk8u77\6540\hotspot\sr"ŽeµÁ™?
Event: 0.025 Thread 0x000000000247d000 Exception <a 'java/lang/NoSuchMethodError': Method sun.misc.Unsafe.prefetchRead(Ljava/lang/Object;J)V name or signature does not match> (0x00000000d5d07fa8) thrown at [D:\re\workspace\8-2-build-windows-amd64-cygwin\jdk8u77\6540\hotspot\src\share\vm\prims\j

Events (10 events):
Event: 0.210 loading class sun/reflect/UnsafeQualifiedStaticFieldAccessorImpl done
Event: 0.210 loading class sun/reflect/UnsafeQualifiedStaticObjectFieldAccessorImpl done
Event: 0.210 loading class pingpong/CASApp$Ping
Event: 0.210 loading class pingpong/CASApp$Ping done
Event: 0.212 loading class pingpong/CASApp$Pong
Event: 0.212 loading class pingpong/CASApp$Pong done
Event: 0.212 Thread 0x00000000594fc800 Thread added: 0x00000000594fc800
Event: 0.212 Thread 0x00000000594fd000 Thread added: 0x00000000594fd000
Event: 0.212 Thread 0x000000000247d000 Thread exited: 0x000000000247d000
Event: 0.212 Thread 0x000000000247d000 Thread added: 0x000000000247d000


Dynamic libraries:
0x000000013f640000 - 0x000000013f677000 	C:\Program Files\Java\jdk1.8.0_77\bin\java.exe
0x0000000077c30000 - 0x0000000077dda000 	C:\Windows\SYSTEM32\ntdll.dll
0x0000000077a10000 - 0x0000000077b2f000 	C:\Windows\system32\kernel32.dll
0x000007fefdd30000 - 0x000007fefdd9a000 	C:\Windows\system32\KERNELBASE.dll
0x000007fefee20000 - 0x000007fefeefb000 	C:\Windows\system32\ADVAPI32.dll
0x000007fefe740000 - 0x000007fefe7df000 	C:\Windows\system32\msvcrt.dll
0x000007fefe5b0000 - 0x000007fefe5cf000 	C:\Windows\SYSTEM32\sechost.dll
0x000007feffd30000 - 0x000007feffe5d000 	C:\Windows\system32\RPCRT4.dll
0x0000000077b30000 - 0x0000000077c2a000 	C:\Windows\system32\USER32.dll
0x000007fefe860000 - 0x000007fefe8c7000 	C:\Windows\system32\GDI32.dll
0x000007fefe730000 - 0x000007fefe73e000 	C:\Windows\system32\LPK.dll
0x000007fefe020000 - 0x000007fefe0ea000 	C:\Windows\system32\USP10.dll
0x000007fefc130000 - 0x000007fefc324000 	C:\Windows\WinSxS\amd64_microsoft.windows.common-controls_6595b64144ccf1df_6.0.7601.17514_none_fa396087175ac9ac\COMCTL32.dll
0x000007feffcb0000 - 0x000007feffd21000 	C:\Windows\system32\SHLWAPI.dll
0x000007fefeae0000 - 0x000007fefeb0e000 	C:\Windows\system32\IMM32.DLL
0x000007fefe970000 - 0x000007fefea79000 	C:\Windows\system32\MSCTF.dll
0x0000000064c40000 - 0x0000000064d12000 	C:\Program Files\Java\jdk1.8.0_77\jre\bin\msvcr100.dll
0x000000006f7f0000 - 0x0000000070080000 	C:\Program Files\Java\jdk1.8.0_77\jre\bin\server\jvm.dll
0x000007fef28c0000 - 0x000007fef28c9000 	C:\Windows\system32\WSOCK32.dll
0x000007fefedd0000 - 0x000007fefee1d000 	C:\Windows\system32\WS2_32.dll
0x000007fefeb10000 - 0x000007fefeb18000 	C:\Windows\system32\NSI.dll
0x000007fefb990000 - 0x000007fefb9cb000 	C:\Windows\system32\WINMM.dll
0x000007fefc910000 - 0x000007fefc91c000 	C:\Windows\system32\VERSION.dll
0x0000000077df0000 - 0x0000000077df7000 	C:\Windows\system32\PSAPI.DLL
0x0000000071fa0000 - 0x0000000071faf000 	C:\Program Files\Java\jdk1.8.0_77\jre\bin\verify.dll
0x0000000071f70000 - 0x0000000071f99000 	C:\Program Files\Java\jdk1.8.0_77\jre\bin\java.dll
0x0000000066d20000 - 0x0000000066d43000 	C:\Program Files\Java\jdk1.8.0_77\jre\bin\instrument.dll
0x0000000071ee0000 - 0x0000000071ef6000 	C:\Program Files\Java\jdk1.8.0_77\jre\bin\zip.dll
0x000007fefef00000 - 0x000007feffc88000 	C:\Windows\system32\SHELL32.dll
0x000007fefde10000 - 0x000007fefe013000 	C:\Windows\system32\ole32.dll
0x000007fefd9e0000 - 0x000007fefd9ef000 	C:\Windows\system32\profapi.dll
0x000007fefa0a0000 - 0x000007fefa0ba000 	D:\Program Files\JetBrains\IntelliJ IDEA Community Edition 2018.1.1\bin\breakgen64.dll
0x0000000002320000 - 0x000000000233a000 	C:\Program Files\Java\jdk1.8.0_77\jre\bin\net.dll
0x000007fefd1e0000 - 0x000007fefd235000 	C:\Windows\system32\mswsock.dll
0x000007fefd1d0000 - 0x000007fefd1d7000 	C:\Windows\System32\wship6.dll
0x000007fee8b70000 - 0x000007fee8c95000 	C:\Windows\system32\dbghelp.dll

VM Arguments:
jvm_args: -javaagent:D:\Program Files\JetBrains\IntelliJ IDEA Community Edition 2018.1.1\lib\idea_rt.jar=56567:D:\Program Files\JetBrains\IntelliJ IDEA Community Edition 2018.1.1\bin -Dfile.encoding=UTF-8 
java_command: pingpong.CASApp
java_class_path (initial): C:\Program Files\Java\jdk1.8.0_77\jre\lib\charsets.jar;C:\Program Files\Java\jdk1.8.0_77\jre\lib\deploy.jar;C:\Program Files\Java\jdk1.8.0_77\jre\lib\ext\access-bridge-64.jar;C:\Program Files\Java\jdk1.8.0_77\jre\lib\ext\cldrdata.jar;C:\Program Files\Java\jdk1.8.0_77\jre\lib\ext\dnsns.jar;C:\Program Files\Java\jdk1.8.0_77\jre\lib\ext\jaccess.jar;C:\Program Files\Java\jdk1.8.0_77\jre\lib\ext\jfxrt.jar;C:\Program Files\Java\jdk1.8.0_77\jre\lib\ext\localedata.jar;C:\Program Files\Java\jdk1.8.0_77\jre\lib\ext\nashorn.jar;C:\Program Files\Java\jdk1.8.0_77\jre\lib\ext\sunec.jar;C:\Program Files\Java\jdk1.8.0_77\jre\lib\ext\sunjce_provider.jar;C:\Program Files\Java\jdk1.8.0_77\jre\lib\ext\sunmscapi.jar;C:\Program Files\Java\jdk1.8.0_77\jre\lib\ext\sunpkcs11.jar;C:\Program Files\Java\jdk1.8.0_77\jre\lib\ext\zipfs.jar;C:\Program Files\Java\jdk1.8.0_77\jre\lib\javaws.jar;C:\Program Files\Java\jdk1.8.0_77\jre\lib\jce.jar;C:\Program Files\Java\jdk1.8.0_77\jre\lib\jfr.jar;C:\Program Files\Java\jdk1.8.0_77\jre\lib\jfxswt.jar;C:\Program Files\Java\jdk1.8.0_77\jre\lib\jsse.jar;C:\Program Files\Java\jdk1.8.0_77\jre\lib\management-agent.jar;C:\Program Files\Java\jdk1.8.0_77\jre\lib\plugin.jar;C:\Program Files\Java\jdk1.8.0_77\jre\lib\resources.jar;C:\Program Files\Java\jdk1.8.0_77\jre\lib\rt.jar;E:\workspace\Z_JONEX\target\test-classes;E:\workspace\Z_JONEX\target\classes;C:\Program Files\Java\jdk1.8.0_77\lib\tools.jar;E:\mvnRepository\org\apache\solr\solr-core\6.2.1\solr-core-6.2.1.jar;E:\mvnRepository\org\apache\lucene\lucene-analyzers-common\6.2.1\lucene-analyzers-common-6.2.1.jar;E:\mvnRepository\org\apache\lucene\lucene-analyzers-kuromoji\6.2.1\lucene-analyzers-kuromoji-6.2.1.jar;E:\mvnRepository\org\apache\lucene\lucene-analyzers-phonetic\6.2.1\lucene-analyzers-phonetic-6.2.1.jar;E:\mvnRepository\org\apache\lucene\lucene-backward-codecs\6.2.1\lucene-backward-codecs-6.2.1.jar;E:\mvnRepository\org\apache\lucene\lucene-classification\6.2.1\lucene-classi
Launcher Type: SUN_STANDARD

Environment Variables:
JAVA_HOME=C:\Program Files\Java\jdk1.8.0_77
PATH=C:\ProgramData\Oracle\Java\javapath;C:\Program Files (x86)\Intel\iCLS Client\;C:\Program Files\Intel\iCLS Client\;C:\Windows\system32;C:\Windows;C:\Windows\System32\Wbem;C:\Windows\System32\WindowsPowerShell\v1.0\;C:\Program Files (x86)\Intel\UCRT\;C:\Program Files\Intel\UCRT\;C:\Program Files (x86)\Intel\Intel(R) Management Engine Components\DAL;C:\Program Files\Intel\Intel(R) Management Engine Components\DAL;C:\Program Files (x86)\Intel\Intel(R) Management Engine Components\IPT;C:\Program Files\Intel\Intel(R) Management Engine Components\IPT;C:\Program Files (x86)\NVIDIA Corporation\PhysX\Common;D:\Program Files\TortoiseSVN\bin;D:\Program Files\Git\cmd;D:\Program Files\Git\mingw64\bin;D:\Program Files\Git\usr\bin;C:\Program Files\Java\jdk1.8.0_77\bin;E:\ide\apache-maven-3.3.9\bin
USERNAME=lijunjun
OS=Windows_NT
PROCESSOR_IDENTIFIER=Intel64 Family 6 Model 94 Stepping 3, GenuineIntel



---------------  S Y S T E M  ---------------

OS: Windows 7 , 64 bit Build 7601 (6.1.7601.23677)

CPU:total 4 (4 cores per cpu, 1 threads per core) family 6 model 94 stepping 3, cmov, cx8, fxsr, mmx, sse, sse2, sse3, ssse3, sse4.1, sse4.2, popcnt, avx, avx2, aes, clmul, erms, rtm, 3dnowpref, lzcnt, tsc, tscinvbit, bmi1, bmi2, adx

Memory: 4k page, physical 8293832k(1928348k free), swap 19593636k(5036556k free)

vm_info: Java HotSpot(TM) 64-Bit Server VM (25.77-b03) for windows-amd64 JRE (1.8.0_77-b03), built on Mar 20 2016 22:01:33 by "java_re" with MS VC++ 10.0 (VS2010)

time: Thu Jun 07 10:18:09 2018
elapsed time: 0 seconds (0d 0h 0m 0s)

